2024-07-27 05:32:26,204 - DEBUG - #### Beginning 6 Strategy Testing ####
2024-07-27 05:32:26,204 - DEBUG - ## ## Simulation beginning for 10 games using strategy #0 ## ##
2024-07-27 05:32:26,205 - DEBUG - Starting game 1
2024-07-27 05:32:26,205 - DEBUG - Tiles remaining: [1, 2, 3, 4, 5, 6, 7, 8, 9]
2024-07-27 05:32:26,205 - DEBUG - Rolled: 4 + 2 = 6
2024-07-27 05:32:26,205 - DEBUG - Possible moves: [(6,), (1, 5), (2, 4), (1, 2, 3)]
2024-07-27 05:32:26,205 - DEBUG - Chosen Move: (2, 4)
2024-07-27 05:32:26,205 - DEBUG - Tiles remaining: [1, 3, 5, 6, 7, 8, 9]
2024-07-27 05:32:26,205 - DEBUG - Rolled: 3 + 5 = 8
2024-07-27 05:32:26,205 - DEBUG - Possible moves: [(8,), (1, 7), (3, 5)]
2024-07-27 05:32:26,206 - DEBUG - Chosen Move: (1, 7)
2024-07-27 05:32:26,206 - DEBUG - Tiles remaining: [3, 5, 6, 8, 9]
2024-07-27 05:32:26,206 - DEBUG - Rolled: 5 + 5 = 10
2024-07-27 05:32:26,206 - DEBUG - Possible moves: []
2024-07-27 05:32:26,206 - DEBUG - No possible moves. Game over!
2024-07-27 05:32:26,206 - DEBUG - AI's final score: 31
2024-07-27 05:32:26,206 - DEBUG - Game 1 ended with score: 31
2024-07-27 05:32:26,206 - DEBUG - Starting game 2
2024-07-27 05:32:26,206 - DEBUG - Tiles remaining: [1, 2, 3, 4, 5, 6, 7, 8, 9]
2024-07-27 05:32:26,206 - DEBUG - Rolled: 3 + 6 = 9
2024-07-27 05:32:26,206 - DEBUG - Possible moves: [(9,), (1, 8), (2, 7), (3, 6), (4, 5), (1, 2, 6), (1, 3, 5), (2, 3, 4)]
2024-07-27 05:32:26,206 - DEBUG - Chosen Move: (2, 7)
2024-07-27 05:32:26,206 - DEBUG - Tiles remaining: [1, 3, 4, 5, 6, 8, 9]
2024-07-27 05:32:26,207 - DEBUG - Rolled: 4 + 4 = 8
2024-07-27 05:32:26,207 - DEBUG - Possible moves: [(8,), (3, 5), (1, 3, 4)]
2024-07-27 05:32:26,207 - DEBUG - Chosen Move: (3, 5)
2024-07-27 05:32:26,207 - DEBUG - Tiles remaining: [1, 4, 6, 8, 9]
2024-07-27 05:32:26,207 - DEBUG - Rolled: 5 + 2 = 7
2024-07-27 05:32:26,207 - DEBUG - Possible moves: [(1, 6)]
2024-07-27 05:32:26,207 - DEBUG - Chosen Move: (1, 6)
2024-07-27 05:32:26,207 - DEBUG - Tiles remaining: [4, 8, 9]
2024-07-27 05:32:26,207 - DEBUG - Rolled: 2 + 4 = 6
2024-07-27 05:32:26,207 - DEBUG - Possible moves: []
2024-07-27 05:32:26,207 - DEBUG - No possible moves. Game over!
2024-07-27 05:32:26,207 - DEBUG - AI's final score: 21
2024-07-27 05:32:26,207 - DEBUG - Game 2 ended with score: 21
2024-07-27 05:32:26,207 - DEBUG - Starting game 3
2024-07-27 05:32:26,207 - DEBUG - Tiles remaining: [1, 2, 3, 4, 5, 6, 7, 8, 9]
2024-07-27 05:32:26,207 - DEBUG - Rolled: 3 + 5 = 8
2024-07-27 05:32:26,207 - DEBUG - Possible moves: [(8,), (1, 7), (2, 6), (3, 5), (1, 2, 5), (1, 3, 4)]
2024-07-27 05:32:26,207 - DEBUG - Chosen Move: (3, 5)
2024-07-27 05:32:26,207 - DEBUG - Tiles remaining: [1, 2, 4, 6, 7, 8, 9]
2024-07-27 05:32:26,208 - DEBUG - Rolled: 2 + 2 = 4
2024-07-27 05:32:26,208 - DEBUG - Possible moves: [(4,)]
2024-07-27 05:32:26,208 - DEBUG - Chosen Move: (4,)
2024-07-27 05:32:26,208 - DEBUG - Tiles remaining: [1, 2, 6, 7, 8, 9]
2024-07-27 05:32:26,208 - DEBUG - Rolled: 4 + 6 = 10
2024-07-27 05:32:26,208 - DEBUG - Possible moves: [(1, 9), (2, 8), (1, 2, 7)]
2024-07-27 05:32:26,208 - DEBUG - Chosen Move: (1, 9)
2024-07-27 05:32:26,208 - DEBUG - Tiles remaining: [2, 6, 7, 8]
2024-07-27 05:32:26,208 - DEBUG - Rolled: 6 + 2 = 8
2024-07-27 05:32:26,208 - DEBUG - Possible moves: [(8,), (2, 6)]
2024-07-27 05:32:26,208 - DEBUG - Chosen Move: (8,)
2024-07-27 05:32:26,208 - DEBUG - Tiles remaining: [2, 6, 7]
2024-07-27 05:32:26,208 - DEBUG - Rolled: 6 + 6 = 12
2024-07-27 05:32:26,208 - DEBUG - Possible moves: []
2024-07-27 05:32:26,208 - DEBUG - No possible moves. Game over!
2024-07-27 05:32:26,208 - DEBUG - AI's final score: 15
2024-07-27 05:32:26,208 - DEBUG - Game 3 ended with score: 15
2024-07-27 05:32:26,208 - DEBUG - Starting game 4
2024-07-27 05:32:26,208 - DEBUG - Tiles remaining: [1, 2, 3, 4, 5, 6, 7, 8, 9]
2024-07-27 05:32:26,208 - DEBUG - Rolled: 4 + 5 = 9
2024-07-27 05:32:26,208 - DEBUG - Possible moves: [(9,), (1, 8), (2, 7), (3, 6), (4, 5), (1, 2, 6), (1, 3, 5), (2, 3, 4)]
2024-07-27 05:32:26,208 - DEBUG - Chosen Move: (3, 6)
2024-07-27 05:32:26,208 - DEBUG - Tiles remaining: [1, 2, 4, 5, 7, 8, 9]
2024-07-27 05:32:26,208 - DEBUG - Rolled: 6 + 5 = 11
2024-07-27 05:32:26,208 - DEBUG - Possible moves: [(2, 9), (4, 7), (1, 2, 8), (2, 4, 5)]
2024-07-27 05:32:26,208 - DEBUG - Chosen Move: (1, 2, 8)
2024-07-27 05:32:26,208 - DEBUG - Tiles remaining: [4, 5, 7, 9]
2024-07-27 05:32:26,208 - DEBUG - Rolled: 3 + 3 = 6
2024-07-27 05:32:26,208 - DEBUG - Possible moves: []
2024-07-27 05:32:26,208 - DEBUG - No possible moves. Game over!
2024-07-27 05:32:26,208 - DEBUG - AI's final score: 25
2024-07-27 05:32:26,208 - DEBUG - Game 4 ended with score: 25
2024-07-27 05:32:26,208 - DEBUG - Starting game 5
2024-07-27 05:32:26,208 - DEBUG - Tiles remaining: [1, 2, 3, 4, 5, 6, 7, 8, 9]
2024-07-27 05:32:26,209 - DEBUG - Rolled: 2 + 2 = 4
2024-07-27 05:32:26,209 - DEBUG - Possible moves: [(4,), (1, 3)]
2024-07-27 05:32:26,209 - DEBUG - Chosen Move: (1, 3)
2024-07-27 05:32:26,209 - DEBUG - Tiles remaining: [2, 4, 5, 6, 7, 8, 9]
2024-07-27 05:32:26,209 - DEBUG - Rolled: 4 + 4 = 8
2024-07-27 05:32:26,209 - DEBUG - Possible moves: [(8,), (2, 6)]
2024-07-27 05:32:26,209 - DEBUG - Chosen Move: (2, 6)
2024-07-27 05:32:26,209 - DEBUG - Tiles remaining: [4, 5, 7, 8, 9]
2024-07-27 05:32:26,209 - DEBUG - Rolled: 4 + 3 = 7
2024-07-27 05:32:26,209 - DEBUG - Possible moves: [(7,)]
2024-07-27 05:32:26,209 - DEBUG - Chosen Move: (7,)
2024-07-27 05:32:26,209 - DEBUG - Tiles remaining: [4, 5, 8, 9]
2024-07-27 05:32:26,209 - DEBUG - Rolled: 5 + 1 = 6
2024-07-27 05:32:26,209 - DEBUG - Possible moves: []
2024-07-27 05:32:26,209 - DEBUG - No possible moves. Game over!
2024-07-27 05:32:26,209 - DEBUG - AI's final score: 26
2024-07-27 05:32:26,209 - DEBUG - Game 5 ended with score: 26
2024-07-27 05:32:26,209 - DEBUG - Starting game 6
2024-07-27 05:32:26,209 - DEBUG - Tiles remaining: [1, 2, 3, 4, 5, 6, 7, 8, 9]
2024-07-27 05:32:26,209 - DEBUG - Rolled: 5 + 4 = 9
2024-07-27 05:32:26,209 - DEBUG - Possible moves: [(9,), (1, 8), (2, 7), (3, 6), (4, 5), (1, 2, 6), (1, 3, 5), (2, 3, 4)]
2024-07-27 05:32:26,209 - DEBUG - Chosen Move: (4, 5)
2024-07-27 05:32:26,209 - DEBUG - Tiles remaining: [1, 2, 3, 6, 7, 8, 9]
2024-07-27 05:32:26,209 - DEBUG - Rolled: 6 + 3 = 9
2024-07-27 05:32:26,209 - DEBUG - Possible moves: [(9,), (1, 8), (2, 7), (3, 6), (1, 2, 6)]
2024-07-27 05:32:26,209 - DEBUG - Chosen Move: (1, 8)
2024-07-27 05:32:26,209 - DEBUG - Tiles remaining: [2, 3, 6, 7, 9]
2024-07-27 05:32:26,209 - DEBUG - Rolled: 6 + 4 = 10
2024-07-27 05:32:26,209 - DEBUG - Possible moves: [(3, 7)]
2024-07-27 05:32:26,209 - DEBUG - Chosen Move: (3, 7)
2024-07-27 05:32:26,209 - DEBUG - Tiles remaining: [2, 6, 9]
2024-07-27 05:32:26,209 - DEBUG - Rolled: 1 + 4 = 5
2024-07-27 05:32:26,209 - DEBUG - Possible moves: []
2024-07-27 05:32:26,209 - DEBUG - No possible moves. Game over!
2024-07-27 05:32:26,209 - DEBUG - AI's final score: 17
2024-07-27 05:32:26,209 - DEBUG - Game 6 ended with score: 17
2024-07-27 05:32:26,210 - DEBUG - Starting game 7
2024-07-27 05:32:26,210 - DEBUG - Tiles remaining: [1, 2, 3, 4, 5, 6, 7, 8, 9]
2024-07-27 05:32:26,210 - DEBUG - Rolled: 1 + 2 = 3
2024-07-27 05:32:26,210 - DEBUG - Possible moves: [(3,), (1, 2)]
2024-07-27 05:32:26,210 - DEBUG - Chosen Move: (1, 2)
2024-07-27 05:32:26,210 - DEBUG - Tiles remaining: [3, 4, 5, 6, 7, 8, 9]
2024-07-27 05:32:26,210 - DEBUG - Rolled: 5 + 1 = 6
2024-07-27 05:32:26,210 - DEBUG - Possible moves: [(6,)]
2024-07-27 05:32:26,210 - DEBUG - Chosen Move: (6,)
2024-07-27 05:32:26,210 - DEBUG - Tiles remaining: [3, 4, 5, 7, 8, 9]
2024-07-27 05:32:26,210 - DEBUG - Rolled: 6 + 5 = 11
2024-07-27 05:32:26,210 - DEBUG - Possible moves: [(3, 8), (4, 7)]
2024-07-27 05:32:26,210 - DEBUG - Chosen Move: (3, 8)
2024-07-27 05:32:26,210 - DEBUG - Tiles remaining: [4, 5, 7, 9]
2024-07-27 05:32:26,210 - DEBUG - Rolled: 3 + 4 = 7
2024-07-27 05:32:26,210 - DEBUG - Possible moves: [(7,)]
2024-07-27 05:32:26,210 - DEBUG - Chosen Move: (7,)
2024-07-27 05:32:26,210 - DEBUG - Tiles remaining: [4, 5, 9]
2024-07-27 05:32:26,210 - DEBUG - Rolled: 3 + 3 = 6
2024-07-27 05:32:26,210 - DEBUG - Possible moves: []
2024-07-27 05:32:26,210 - DEBUG - No possible moves. Game over!
2024-07-27 05:32:26,210 - DEBUG - AI's final score: 18
2024-07-27 05:32:26,210 - DEBUG - Game 7 ended with score: 18
2024-07-27 05:32:26,210 - DEBUG - Starting game 8
2024-07-27 05:32:26,210 - DEBUG - Tiles remaining: [1, 2, 3, 4, 5, 6, 7, 8, 9]
2024-07-27 05:32:26,210 - DEBUG - Rolled: 1 + 3 = 4
2024-07-27 05:32:26,210 - DEBUG - Possible moves: [(4,), (1, 3)]
2024-07-27 05:32:26,210 - DEBUG - Chosen Move: (4,)
2024-07-27 05:32:26,210 - DEBUG - Tiles remaining: [1, 2, 3, 5, 6, 7, 8, 9]
2024-07-27 05:32:26,210 - DEBUG - Rolled: 1 + 6 = 7
2024-07-27 05:32:26,210 - DEBUG - Possible moves: [(7,), (1, 6), (2, 5)]
2024-07-27 05:32:26,210 - DEBUG - Chosen Move: (1, 6)
2024-07-27 05:32:26,210 - DEBUG - Tiles remaining: [2, 3, 5, 7, 8, 9]
2024-07-27 05:32:26,210 - DEBUG - Rolled: 3 + 4 = 7
2024-07-27 05:32:26,211 - DEBUG - Possible moves: [(7,), (2, 5)]
2024-07-27 05:32:26,211 - DEBUG - Chosen Move: (2, 5)
2024-07-27 05:32:26,211 - DEBUG - Tiles remaining: [3, 7, 8, 9]
2024-07-27 05:32:26,211 - DEBUG - Rolled: 2 + 6 = 8
2024-07-27 05:32:26,211 - DEBUG - Possible moves: [(8,)]
2024-07-27 05:32:26,211 - DEBUG - Chosen Move: (8,)
2024-07-27 05:32:26,211 - DEBUG - Tiles remaining: [3, 7, 9]
2024-07-27 05:32:26,211 - DEBUG - Rolled: 4 + 4 = 8
2024-07-27 05:32:26,211 - DEBUG - Possible moves: []
2024-07-27 05:32:26,211 - DEBUG - No possible moves. Game over!
2024-07-27 05:32:26,211 - DEBUG - AI's final score: 19
2024-07-27 05:32:26,211 - DEBUG - Game 8 ended with score: 19
2024-07-27 05:32:26,211 - DEBUG - Starting game 9
2024-07-27 05:32:26,211 - DEBUG - Tiles remaining: [1, 2, 3, 4, 5, 6, 7, 8, 9]
2024-07-27 05:32:26,211 - DEBUG - Rolled: 4 + 6 = 10
2024-07-27 05:32:26,211 - DEBUG - Possible moves: [(1, 9), (2, 8), (3, 7), (4, 6), (1, 2, 7), (1, 3, 6), (1, 4, 5), (2, 3, 5), (1, 2, 3, 4)]
2024-07-27 05:32:26,211 - DEBUG - Chosen Move: (4, 6)
2024-07-27 05:32:26,211 - DEBUG - Tiles remaining: [1, 2, 3, 5, 7, 8, 9]
2024-07-27 05:32:26,211 - DEBUG - Rolled: 4 + 2 = 6
2024-07-27 05:32:26,211 - DEBUG - Possible moves: [(1, 5), (1, 2, 3)]
2024-07-27 05:32:26,211 - DEBUG - Chosen Move: (1, 5)
2024-07-27 05:32:26,211 - DEBUG - Tiles remaining: [2, 3, 7, 8, 9]
2024-07-27 05:32:26,211 - DEBUG - Rolled: 6 + 2 = 8
2024-07-27 05:32:26,211 - DEBUG - Possible moves: [(8,)]
2024-07-27 05:32:26,211 - DEBUG - Chosen Move: (8,)
2024-07-27 05:32:26,211 - DEBUG - Tiles remaining: [2, 3, 7, 9]
2024-07-27 05:32:26,211 - DEBUG - Rolled: 4 + 6 = 10
2024-07-27 05:32:26,211 - DEBUG - Possible moves: [(3, 7)]
2024-07-27 05:32:26,211 - DEBUG - Chosen Move: (3, 7)
2024-07-27 05:32:26,211 - DEBUG - Tiles remaining: [2, 9]
2024-07-27 05:32:26,211 - DEBUG - Rolled: 3 + 1 = 4
2024-07-27 05:32:26,211 - DEBUG - Possible moves: []
2024-07-27 05:32:26,211 - DEBUG - No possible moves. Game over!
2024-07-27 05:32:26,211 - DEBUG - AI's final score: 11
2024-07-27 05:32:26,211 - DEBUG - Game 9 ended with score: 11
2024-07-27 05:32:26,211 - DEBUG - Starting game 10
2024-07-27 05:32:26,211 - DEBUG - Tiles remaining: [1, 2, 3, 4, 5, 6, 7, 8, 9]
2024-07-27 05:32:26,211 - DEBUG - Rolled: 3 + 5 = 8
2024-07-27 05:32:26,211 - DEBUG - Possible moves: [(8,), (1, 7), (2, 6), (3, 5), (1, 2, 5), (1, 3, 4)]
2024-07-27 05:32:26,212 - DEBUG - Chosen Move: (2, 6)
2024-07-27 05:32:26,212 - DEBUG - Tiles remaining: [1, 3, 4, 5, 7, 8, 9]
2024-07-27 05:32:26,212 - DEBUG - Rolled: 2 + 2 = 4
2024-07-27 05:32:26,212 - DEBUG - Possible moves: [(4,), (1, 3)]
2024-07-27 05:32:26,212 - DEBUG - Chosen Move: (4,)
2024-07-27 05:32:26,212 - DEBUG - Tiles remaining: [1, 3, 5, 7, 8, 9]
2024-07-27 05:32:26,212 - DEBUG - Rolled: 2 + 6 = 8
2024-07-27 05:32:26,212 - DEBUG - Possible moves: [(8,), (1, 7), (3, 5)]
2024-07-27 05:32:26,212 - DEBUG - Chosen Move: (8,)
2024-07-27 05:32:26,212 - DEBUG - Tiles remaining: [1, 3, 5, 7, 9]
2024-07-27 05:32:26,212 - DEBUG - Rolled: 4 + 2 = 6
2024-07-27 05:32:26,212 - DEBUG - Possible moves: [(1, 5)]
2024-07-27 05:32:26,212 - DEBUG - Chosen Move: (1, 5)
2024-07-27 05:32:26,212 - DEBUG - Tiles remaining: [3, 7, 9]
2024-07-27 05:32:26,212 - DEBUG - Rolled: 6 + 3 = 9
2024-07-27 05:32:26,212 - DEBUG - Possible moves: [(9,)]
2024-07-27 05:32:26,212 - DEBUG - Chosen Move: (9,)
2024-07-27 05:32:26,212 - DEBUG - Tiles remaining: [3, 7]
2024-07-27 05:32:26,212 - DEBUG - Rolled: 3 + 6 = 9
2024-07-27 05:32:26,212 - DEBUG - Possible moves: []
2024-07-27 05:32:26,212 - DEBUG - No possible moves. Game over!
2024-07-27 05:32:26,212 - DEBUG - AI's final score: 10
2024-07-27 05:32:26,212 - DEBUG - Game 10 ended with score: 10
2024-07-27 05:33:04,281 - DEBUG - #### Beginning 6 Strategy Testing ####
2024-07-27 05:33:04,282 - DEBUG - ## ## Simulation beginning for 10 games using strategy #0 ## ##
2024-07-27 05:33:04,282 - DEBUG - Starting game 1
2024-07-27 05:33:04,282 - DEBUG - Tiles remaining: [1, 2, 3, 4, 5, 6, 7, 8, 9]
2024-07-27 05:33:04,282 - DEBUG - Rolled: 6 + 3 = 9
2024-07-27 05:33:04,282 - DEBUG - Possible moves: [(9,), (1, 8), (2, 7), (3, 6), (4, 5), (1, 2, 6), (1, 3, 5), (2, 3, 4)]
2024-07-27 05:33:04,282 - DEBUG - Chosen Move: (2, 3, 4)
2024-07-27 05:33:04,282 - DEBUG - Tiles remaining: [1, 5, 6, 7, 8, 9]
2024-07-27 05:33:04,282 - DEBUG - Rolled: 1 + 3 = 4
2024-07-27 05:33:04,282 - DEBUG - Possible moves: []
2024-07-27 05:33:04,282 - DEBUG - No possible moves. Game over!
2024-07-27 05:33:04,282 - DEBUG - AI's final score: 36
2024-07-27 05:33:04,282 - DEBUG - Game 1 ended with score: 36
2024-07-27 05:33:04,282 - DEBUG - Starting game 2
2024-07-27 05:33:04,282 - DEBUG - Tiles remaining: [1, 2, 3, 4, 5, 6, 7, 8, 9]
2024-07-27 05:33:04,282 - DEBUG - Rolled: 6 + 4 = 10
2024-07-27 05:33:04,282 - DEBUG - Possible moves: [(1, 9), (2, 8), (3, 7), (4, 6), (1, 2, 7), (1, 3, 6), (1, 4, 5), (2, 3, 5), (1, 2, 3, 4)]
2024-07-27 05:33:04,282 - DEBUG - Chosen Move: (4, 6)
2024-07-27 05:33:04,282 - DEBUG - Tiles remaining: [1, 2, 3, 5, 7, 8, 9]
2024-07-27 05:33:04,283 - DEBUG - Rolled: 4 + 5 = 9
2024-07-27 05:33:04,283 - DEBUG - Possible moves: [(9,), (1, 8), (2, 7), (1, 3, 5)]
2024-07-27 05:33:04,283 - DEBUG - Chosen Move: (2, 7)
2024-07-27 05:33:04,283 - DEBUG - Tiles remaining: [1, 3, 5, 8, 9]
2024-07-27 05:33:04,283 - DEBUG - Rolled: 3 + 4 = 7
2024-07-27 05:33:04,283 - DEBUG - Possible moves: []
2024-07-27 05:33:04,283 - DEBUG - No possible moves. Game over!
2024-07-27 05:33:04,283 - DEBUG - AI's final score: 26
2024-07-27 05:33:04,283 - DEBUG - Game 2 ended with score: 26
2024-07-27 05:33:04,283 - DEBUG - Starting game 3
2024-07-27 05:33:04,283 - DEBUG - Tiles remaining: [1, 2, 3, 4, 5, 6, 7, 8, 9]
2024-07-27 05:33:04,283 - DEBUG - Rolled: 2 + 5 = 7
2024-07-27 05:33:04,283 - DEBUG - Possible moves: [(7,), (1, 6), (2, 5), (3, 4), (1, 2, 4)]
2024-07-27 05:33:04,283 - DEBUG - Chosen Move: (3, 4)
2024-07-27 05:33:04,283 - DEBUG - Tiles remaining: [1, 2, 5, 6, 7, 8, 9]
2024-07-27 05:33:04,283 - DEBUG - Rolled: 2 + 3 = 5
2024-07-27 05:33:04,283 - DEBUG - Possible moves: [(5,)]
2024-07-27 05:33:04,283 - DEBUG - Chosen Move: (5,)
2024-07-27 05:33:04,283 - DEBUG - Tiles remaining: [1, 2, 6, 7, 8, 9]
2024-07-27 05:33:04,283 - DEBUG - Rolled: 5 + 2 = 7
2024-07-27 05:33:04,283 - DEBUG - Possible moves: [(7,), (1, 6)]
2024-07-27 05:33:04,283 - DEBUG - Chosen Move: (7,)
2024-07-27 05:33:04,283 - DEBUG - Tiles remaining: [1, 2, 6, 8, 9]
2024-07-27 05:33:04,283 - DEBUG - Rolled: 1 + 6 = 7
2024-07-27 05:33:04,283 - DEBUG - Possible moves: [(1, 6)]
2024-07-27 05:33:04,283 - DEBUG - Chosen Move: (1, 6)
2024-07-27 05:33:04,284 - DEBUG - Tiles remaining: [2, 8, 9]
2024-07-27 05:33:04,284 - DEBUG - Rolled: 1 + 5 = 6
2024-07-27 05:33:04,284 - DEBUG - Possible moves: []
2024-07-27 05:33:04,284 - DEBUG - No possible moves. Game over!
2024-07-27 05:33:04,284 - DEBUG - AI's final score: 19
2024-07-27 05:33:04,284 - DEBUG - Game 3 ended with score: 19
2024-07-27 05:33:04,284 - DEBUG - Starting game 4
2024-07-27 05:33:04,284 - DEBUG - Tiles remaining: [1, 2, 3, 4, 5, 6, 7, 8, 9]
2024-07-27 05:33:04,284 - DEBUG - Rolled: 3 + 4 = 7
2024-07-27 05:33:04,284 - DEBUG - Possible moves: [(7,), (1, 6), (2, 5), (3, 4), (1, 2, 4)]
2024-07-27 05:33:04,284 - DEBUG - Chosen Move: (7,)
2024-07-27 05:33:04,284 - DEBUG - Tiles remaining: [1, 2, 3, 4, 5, 6, 8, 9]
2024-07-27 05:33:04,284 - DEBUG - Rolled: 3 + 3 = 6
2024-07-27 05:33:04,284 - DEBUG - Possible moves: [(6,), (1, 5), (2, 4), (1, 2, 3)]
2024-07-27 05:33:04,284 - DEBUG - Chosen Move: (6,)
2024-07-27 05:33:04,284 - DEBUG - Tiles remaining: [1, 2, 3, 4, 5, 8, 9]
2024-07-27 05:33:04,284 - DEBUG - Rolled: 2 + 2 = 4
2024-07-27 05:33:04,284 - DEBUG - Possible moves: [(4,), (1, 3)]
2024-07-27 05:33:04,284 - DEBUG - Chosen Move: (4,)
2024-07-27 05:33:04,284 - DEBUG - Tiles remaining: [1, 2, 3, 5, 8, 9]
2024-07-27 05:33:04,284 - DEBUG - Rolled: 3 + 3 = 6
2024-07-27 05:33:04,284 - DEBUG - Possible moves: [(1, 5), (1, 2, 3)]
2024-07-27 05:33:04,284 - DEBUG - Chosen Move: (1, 5)
2024-07-27 05:33:04,284 - DEBUG - Tiles remaining: [2, 3, 8, 9]
2024-07-27 05:33:04,285 - DEBUG - Rolled: 2 + 6 = 8
2024-07-27 05:33:04,285 - DEBUG - Possible moves: [(8,)]
2024-07-27 05:33:04,285 - DEBUG - Chosen Move: (8,)
2024-07-27 05:33:04,285 - DEBUG - Tiles remaining: [2, 3, 9]
2024-07-27 05:33:04,285 - DEBUG - Rolled: 1 + 4 = 5
2024-07-27 05:33:04,285 - DEBUG - Possible moves: [(2, 3)]
2024-07-27 05:33:04,285 - DEBUG - Chosen Move: (2, 3)
2024-07-27 05:33:04,285 - DEBUG - Tiles remaining: [9]
2024-07-27 05:33:04,285 - DEBUG - Rolled: 2 + 6 = 8
2024-07-27 05:33:04,285 - DEBUG - Possible moves: []
2024-07-27 05:33:04,285 - DEBUG - No possible moves. Game over!
2024-07-27 05:33:04,285 - DEBUG - AI's final score: 9
2024-07-27 05:33:04,285 - DEBUG - Game 4 ended with score: 9
2024-07-27 05:33:04,285 - DEBUG - Starting game 5
2024-07-27 05:33:04,285 - DEBUG - Tiles remaining: [1, 2, 3, 4, 5, 6, 7, 8, 9]
2024-07-27 05:33:04,285 - DEBUG - Rolled: 4 + 4 = 8
2024-07-27 05:33:04,285 - DEBUG - Possible moves: [(8,), (1, 7), (2, 6), (3, 5), (1, 2, 5), (1, 3, 4)]
2024-07-27 05:33:04,285 - DEBUG - Chosen Move: (1, 7)
2024-07-27 05:33:04,285 - DEBUG - Tiles remaining: [2, 3, 4, 5, 6, 8, 9]
2024-07-27 05:33:04,285 - DEBUG - Rolled: 1 + 1 = 2
2024-07-27 05:33:04,285 - DEBUG - Possible moves: [(2,)]
2024-07-27 05:33:04,285 - DEBUG - Chosen Move: (2,)
2024-07-27 05:33:04,285 - DEBUG - Tiles remaining: [3, 4, 5, 6, 8, 9]
2024-07-27 05:33:04,285 - DEBUG - Rolled: 3 + 5 = 8
2024-07-27 05:33:04,285 - DEBUG - Possible moves: [(8,), (3, 5)]
2024-07-27 05:33:04,285 - DEBUG - Chosen Move: (8,)
2024-07-27 05:33:04,285 - DEBUG - Tiles remaining: [3, 4, 5, 6, 9]
2024-07-27 05:33:04,285 - DEBUG - Rolled: 3 + 3 = 6
2024-07-27 05:33:04,285 - DEBUG - Possible moves: [(6,)]
2024-07-27 05:33:04,286 - DEBUG - Chosen Move: (6,)
2024-07-27 05:33:04,286 - DEBUG - Tiles remaining: [3, 4, 5, 9]
2024-07-27 05:33:04,286 - DEBUG - Rolled: 2 + 2 = 4
2024-07-27 05:33:04,286 - DEBUG - Possible moves: [(4,)]
2024-07-27 05:33:04,286 - DEBUG - Chosen Move: (4,)
2024-07-27 05:33:04,286 - DEBUG - Tiles remaining: [3, 5, 9]
2024-07-27 05:33:04,286 - DEBUG - Rolled: 4 + 4 = 8
2024-07-27 05:33:04,286 - DEBUG - Possible moves: [(3, 5)]
2024-07-27 05:33:04,286 - DEBUG - Chosen Move: (3, 5)
2024-07-27 05:33:04,286 - DEBUG - Tiles remaining: [9]
2024-07-27 05:33:04,286 - DEBUG - Rolled: 5 + 1 = 6
2024-07-27 05:33:04,286 - DEBUG - Possible moves: []
2024-07-27 05:33:04,286 - DEBUG - No possible moves. Game over!
2024-07-27 05:33:04,286 - DEBUG - AI's final score: 9
2024-07-27 05:33:04,286 - DEBUG - Game 5 ended with score: 9
2024-07-27 05:33:04,286 - DEBUG - Starting game 6
2024-07-27 05:33:04,286 - DEBUG - Tiles remaining: [1, 2, 3, 4, 5, 6, 7, 8, 9]
2024-07-27 05:33:04,286 - DEBUG - Rolled: 5 + 5 = 10
2024-07-27 05:33:04,286 - DEBUG - Possible moves: [(1, 9), (2, 8), (3, 7), (4, 6), (1, 2, 7), (1, 3, 6), (1, 4, 5), (2, 3, 5), (1, 2, 3, 4)]
2024-07-27 05:33:04,286 - DEBUG - Chosen Move: (1, 2, 3, 4)
2024-07-27 05:33:04,286 - DEBUG - Tiles remaining: [5, 6, 7, 8, 9]
2024-07-27 05:33:04,286 - DEBUG - Rolled: 1 + 4 = 5
2024-07-27 05:33:04,286 - DEBUG - Possible moves: [(5,)]
2024-07-27 05:33:04,286 - DEBUG - Chosen Move: (5,)
2024-07-27 05:33:04,286 - DEBUG - Tiles remaining: [6, 7, 8, 9]
2024-07-27 05:33:04,286 - DEBUG - Rolled: 1 + 3 = 4
2024-07-27 05:33:04,287 - DEBUG - Possible moves: []
2024-07-27 05:33:04,287 - DEBUG - No possible moves. Game over!
2024-07-27 05:33:04,287 - DEBUG - AI's final score: 30
2024-07-27 05:33:04,287 - DEBUG - Game 6 ended with score: 30
2024-07-27 05:33:04,287 - DEBUG - Starting game 7
2024-07-27 05:33:04,287 - DEBUG - Tiles remaining: [1, 2, 3, 4, 5, 6, 7, 8, 9]
2024-07-27 05:33:04,287 - DEBUG - Rolled: 2 + 3 = 5
2024-07-27 05:33:04,287 - DEBUG - Possible moves: [(5,), (1, 4), (2, 3)]
2024-07-27 05:33:04,287 - DEBUG - Chosen Move: (1, 4)
2024-07-27 05:33:04,287 - DEBUG - Tiles remaining: [2, 3, 5, 6, 7, 8, 9]
2024-07-27 05:33:04,287 - DEBUG - Rolled: 3 + 3 = 6
2024-07-27 05:33:04,287 - DEBUG - Possible moves: [(6,)]
2024-07-27 05:33:04,287 - DEBUG - Chosen Move: (6,)
2024-07-27 05:33:04,287 - DEBUG - Tiles remaining: [2, 3, 5, 7, 8, 9]
2024-07-27 05:33:04,287 - DEBUG - Rolled: 4 + 4 = 8
2024-07-27 05:33:04,287 - DEBUG - Possible moves: [(8,), (3, 5)]
2024-07-27 05:33:04,287 - DEBUG - Chosen Move: (8,)
2024-07-27 05:33:04,287 - DEBUG - Tiles remaining: [2, 3, 5, 7, 9]
2024-07-27 05:33:04,288 - DEBUG - Rolled: 3 + 5 = 8
2024-07-27 05:33:04,288 - DEBUG - Possible moves: [(3, 5)]
2024-07-27 05:33:04,288 - DEBUG - Chosen Move: (3, 5)
2024-07-27 05:33:04,288 - DEBUG - Tiles remaining: [2, 7, 9]
2024-07-27 05:33:04,288 - DEBUG - Rolled: 2 + 3 = 5
2024-07-27 05:33:04,288 - DEBUG - Possible moves: []
2024-07-27 05:33:04,288 - DEBUG - No possible moves. Game over!
2024-07-27 05:33:04,288 - DEBUG - AI's final score: 18
2024-07-27 05:33:04,288 - DEBUG - Game 7 ended with score: 18
2024-07-27 05:33:04,288 - DEBUG - Starting game 8
2024-07-27 05:33:04,288 - DEBUG - Tiles remaining: [1, 2, 3, 4, 5, 6, 7, 8, 9]
2024-07-27 05:33:04,288 - DEBUG - Rolled: 2 + 4 = 6
2024-07-27 05:33:04,288 - DEBUG - Possible moves: [(6,), (1, 5), (2, 4), (1, 2, 3)]
2024-07-27 05:33:04,288 - DEBUG - Chosen Move: (1, 5)
2024-07-27 05:33:04,288 - DEBUG - Tiles remaining: [2, 3, 4, 6, 7, 8, 9]
2024-07-27 05:33:04,288 - DEBUG - Rolled: 1 + 4 = 5
2024-07-27 05:33:04,288 - DEBUG - Possible moves: [(2, 3)]
2024-07-27 05:33:04,288 - DEBUG - Chosen Move: (2, 3)
2024-07-27 05:33:04,288 - DEBUG - Tiles remaining: [4, 6, 7, 8, 9]
2024-07-27 05:33:04,288 - DEBUG - Rolled: 5 + 6 = 11
2024-07-27 05:33:04,288 - DEBUG - Possible moves: [(4, 7)]
2024-07-27 05:33:04,288 - DEBUG - Chosen Move: (4, 7)
2024-07-27 05:33:04,288 - DEBUG - Tiles remaining: [6, 8, 9]
2024-07-27 05:33:04,288 - DEBUG - Rolled: 5 + 5 = 10
2024-07-27 05:33:04,289 - DEBUG - Possible moves: []
2024-07-27 05:33:04,289 - DEBUG - No possible moves. Game over!
2024-07-27 05:33:04,289 - DEBUG - AI's final score: 23
2024-07-27 05:33:04,289 - DEBUG - Game 8 ended with score: 23
2024-07-27 05:33:04,289 - DEBUG - Starting game 9
2024-07-27 05:33:04,289 - DEBUG - Tiles remaining: [1, 2, 3, 4, 5, 6, 7, 8, 9]
2024-07-27 05:33:04,289 - DEBUG - Rolled: 5 + 5 = 10
2024-07-27 05:33:04,289 - DEBUG - Possible moves: [(1, 9), (2, 8), (3, 7), (4, 6), (1, 2, 7), (1, 3, 6), (1, 4, 5), (2, 3, 5), (1, 2, 3, 4)]
2024-07-27 05:33:04,289 - DEBUG - Chosen Move: (3, 7)
2024-07-27 05:33:04,289 - DEBUG - Tiles remaining: [1, 2, 4, 5, 6, 8, 9]
2024-07-27 05:33:04,289 - DEBUG - Rolled: 4 + 4 = 8
2024-07-27 05:33:04,289 - DEBUG - Possible moves: [(8,), (2, 6), (1, 2, 5)]
2024-07-27 05:33:04,289 - DEBUG - Chosen Move: (1, 2, 5)
2024-07-27 05:33:04,289 - DEBUG - Tiles remaining: [4, 6, 8, 9]
2024-07-27 05:33:04,289 - DEBUG - Rolled: 5 + 1 = 6
2024-07-27 05:33:04,289 - DEBUG - Possible moves: [(6,)]
2024-07-27 05:33:04,289 - DEBUG - Chosen Move: (6,)
2024-07-27 05:33:04,289 - DEBUG - Tiles remaining: [4, 8, 9]
2024-07-27 05:33:04,289 - DEBUG - Rolled: 6 + 2 = 8
2024-07-27 05:33:04,289 - DEBUG - Possible moves: [(8,)]
2024-07-27 05:33:04,289 - DEBUG - Chosen Move: (8,)
2024-07-27 05:33:04,289 - DEBUG - Tiles remaining: [4, 9]
2024-07-27 05:33:04,289 - DEBUG - Rolled: 4 + 1 = 5
2024-07-27 05:33:04,289 - DEBUG - Possible moves: []
2024-07-27 05:33:04,289 - DEBUG - No possible moves. Game over!
2024-07-27 05:33:04,289 - DEBUG - AI's final score: 13
2024-07-27 05:33:04,289 - DEBUG - Game 9 ended with score: 13
2024-07-27 05:33:04,289 - DEBUG - Starting game 10
2024-07-27 05:33:04,289 - DEBUG - Tiles remaining: [1, 2, 3, 4, 5, 6, 7, 8, 9]
2024-07-27 05:33:04,289 - DEBUG - Rolled: 3 + 4 = 7
2024-07-27 05:33:04,289 - DEBUG - Possible moves: [(7,), (1, 6), (2, 5), (3, 4), (1, 2, 4)]
2024-07-27 05:33:04,289 - DEBUG - Chosen Move: (3, 4)
2024-07-27 05:33:04,289 - DEBUG - Tiles remaining: [1, 2, 5, 6, 7, 8, 9]
2024-07-27 05:33:04,290 - DEBUG - Rolled: 6 + 3 = 9
2024-07-27 05:33:04,290 - DEBUG - Possible moves: [(9,), (1, 8), (2, 7), (1, 2, 6)]
2024-07-27 05:33:04,290 - DEBUG - Chosen Move: (2, 7)
2024-07-27 05:33:04,290 - DEBUG - Tiles remaining: [1, 5, 6, 8, 9]
2024-07-27 05:33:04,290 - DEBUG - Rolled: 4 + 3 = 7
2024-07-27 05:33:04,290 - DEBUG - Possible moves: [(1, 6)]
2024-07-27 05:33:04,290 - DEBUG - Chosen Move: (1, 6)
2024-07-27 05:33:04,290 - DEBUG - Tiles remaining: [5, 8, 9]
2024-07-27 05:33:04,290 - DEBUG - Rolled: 2 + 1 = 3
2024-07-27 05:33:04,290 - DEBUG - Possible moves: []
2024-07-27 05:33:04,290 - DEBUG - No possible moves. Game over!
2024-07-27 05:33:04,290 - DEBUG - AI's final score: 22
2024-07-27 05:33:04,290 - DEBUG - Game 10 ended with score: 22
2024-07-27 05:33:04,291 - DEBUG - Results appended to ./results/stb_simple_ai_results_20240727-053304.csv
2024-07-27 05:33:04,292 - DEBUG - Results saved to ./results/stb_simple_ai_results_20240727-053304.json
2024-07-27 05:33:04,293 - DEBUG - ## ## Simulation ended for 10 games using strategy #Random Choice Strategy ## ##
2024-07-27 05:33:04,293 - DEBUG - ## ## Simulation beginning for 10 games using strategy #1 ## ##
2024-07-27 05:33:04,293 - DEBUG - Starting game 1
2024-07-27 05:33:04,293 - DEBUG - Tiles remaining: [1, 2, 3, 4, 5, 6, 7, 8, 9]
2024-07-27 05:33:04,293 - DEBUG - Rolled: 1 + 5 = 6
2024-07-27 05:33:04,293 - DEBUG - Possible moves: [(6,), (1, 5), (2, 4), (1, 2, 3)]
2024-07-27 05:33:04,293 - DEBUG - Chosen Move: (1, 5)
2024-07-27 05:33:04,293 - DEBUG - Tiles remaining: [2, 3, 4, 6, 7, 8, 9]
2024-07-27 05:33:04,293 - DEBUG - Rolled: 6 + 2 = 8
2024-07-27 05:33:04,293 - DEBUG - Possible moves: [(8,), (2, 6)]
2024-07-27 05:33:04,293 - DEBUG - Chosen Move: (2, 6)
2024-07-27 05:33:04,293 - DEBUG - Tiles remaining: [3, 4, 7, 8, 9]
2024-07-27 05:33:04,293 - DEBUG - Rolled: 3 + 4 = 7
2024-07-27 05:33:04,293 - DEBUG - Possible moves: [(7,), (3, 4)]
2024-07-27 05:33:04,293 - DEBUG - Chosen Move: (3, 4)
2024-07-27 05:33:04,293 - DEBUG - Tiles remaining: [7, 8, 9]
2024-07-27 05:33:04,293 - DEBUG - Rolled: 2 + 2 = 4
2024-07-27 05:33:04,293 - DEBUG - Possible moves: []
2024-07-27 05:33:04,293 - DEBUG - No possible moves. Game over!
2024-07-27 05:33:04,293 - DEBUG - AI's final score: 24
2024-07-27 05:33:04,294 - DEBUG - Game 1 ended with score: 24
2024-07-27 05:33:04,294 - DEBUG - Starting game 2
2024-07-27 05:33:04,294 - DEBUG - Tiles remaining: [1, 2, 3, 4, 5, 6, 7, 8, 9]
2024-07-27 05:33:04,294 - DEBUG - Rolled: 3 + 1 = 4
2024-07-27 05:33:04,294 - DEBUG - Possible moves: [(4,), (1, 3)]
2024-07-27 05:33:04,294 - DEBUG - Chosen Move: (1, 3)
2024-07-27 05:33:04,294 - DEBUG - Tiles remaining: [2, 4, 5, 6, 7, 8, 9]
2024-07-27 05:33:04,294 - DEBUG - Rolled: 5 + 2 = 7
2024-07-27 05:33:04,294 - DEBUG - Possible moves: [(7,), (2, 5)]
2024-07-27 05:33:04,294 - DEBUG - Chosen Move: (2, 5)
2024-07-27 05:33:04,294 - DEBUG - Tiles remaining: [4, 6, 7, 8, 9]
2024-07-27 05:33:04,294 - DEBUG - Rolled: 2 + 2 = 4
2024-07-27 05:33:04,294 - DEBUG - Possible moves: [(4,)]
2024-07-27 05:33:04,294 - DEBUG - Chosen Move: (4,)
2024-07-27 05:33:04,294 - DEBUG - Tiles remaining: [6, 7, 8, 9]
2024-07-27 05:33:04,294 - DEBUG - Rolled: 5 + 4 = 9
2024-07-27 05:33:04,294 - DEBUG - Possible moves: [(9,)]
2024-07-27 05:33:04,294 - DEBUG - Chosen Move: (9,)
2024-07-27 05:33:04,294 - DEBUG - Tiles remaining: [6, 7, 8]
2024-07-27 05:33:04,294 - DEBUG - Rolled: 4 + 2 = 6
2024-07-27 05:33:04,294 - DEBUG - Possible moves: [(6,)]
2024-07-27 05:33:04,295 - DEBUG - Chosen Move: (6,)
2024-07-27 05:33:04,295 - DEBUG - Tiles remaining: [7, 8]
2024-07-27 05:33:04,295 - DEBUG - Rolled: 2 + 1 = 3
2024-07-27 05:33:04,295 - DEBUG - Possible moves: []
2024-07-27 05:33:04,295 - DEBUG - No possible moves. Game over!
2024-07-27 05:33:04,295 - DEBUG - AI's final score: 15
2024-07-27 05:33:04,295 - DEBUG - Game 2 ended with score: 15
2024-07-27 05:33:04,295 - DEBUG - Starting game 3
2024-07-27 05:33:04,295 - DEBUG - Tiles remaining: [1, 2, 3, 4, 5, 6, 7, 8, 9]
2024-07-27 05:33:04,295 - DEBUG - Rolled: 5 + 3 = 8
2024-07-27 05:33:04,295 - DEBUG - Possible moves: [(8,), (1, 7), (2, 6), (3, 5), (1, 2, 5), (1, 3, 4)]
2024-07-27 05:33:04,295 - DEBUG - Chosen Move: (3, 5)
2024-07-27 05:33:04,295 - DEBUG - Tiles remaining: [1, 2, 4, 6, 7, 8, 9]
2024-07-27 05:33:04,295 - DEBUG - Rolled: 3 + 2 = 5
2024-07-27 05:33:04,295 - DEBUG - Possible moves: [(1, 4)]
2024-07-27 05:33:04,295 - DEBUG - Chosen Move: (1, 4)
2024-07-27 05:33:04,295 - DEBUG - Tiles remaining: [2, 6, 7, 8, 9]
2024-07-27 05:33:04,295 - DEBUG - Rolled: 6 + 5 = 11
2024-07-27 05:33:04,295 - DEBUG - Possible moves: [(2, 9)]
2024-07-27 05:33:04,295 - DEBUG - Chosen Move: (2, 9)
2024-07-27 05:33:04,295 - DEBUG - Tiles remaining: [6, 7, 8]
2024-07-27 05:33:04,295 - DEBUG - Rolled: 3 + 1 = 4
2024-07-27 05:33:04,295 - DEBUG - Possible moves: []
2024-07-27 05:33:04,295 - DEBUG - No possible moves. Game over!
2024-07-27 05:33:04,296 - DEBUG - AI's final score: 21
2024-07-27 05:33:04,296 - DEBUG - Game 3 ended with score: 21
2024-07-27 05:33:04,296 - DEBUG - Starting game 4
2024-07-27 05:33:04,296 - DEBUG - Tiles remaining: [1, 2, 3, 4, 5, 6, 7, 8, 9]
2024-07-27 05:33:04,296 - DEBUG - Rolled: 3 + 4 = 7
2024-07-27 05:33:04,296 - DEBUG - Possible moves: [(7,), (1, 6), (2, 5), (3, 4), (1, 2, 4)]
2024-07-27 05:33:04,296 - DEBUG - Chosen Move: (3, 4)
2024-07-27 05:33:04,296 - DEBUG - Tiles remaining: [1, 2, 5, 6, 7, 8, 9]
2024-07-27 05:33:04,296 - DEBUG - Rolled: 6 + 3 = 9
2024-07-27 05:33:04,296 - DEBUG - Possible moves: [(9,), (1, 8), (2, 7), (1, 2, 6)]
2024-07-27 05:33:04,296 - DEBUG - Chosen Move: (1, 8)
2024-07-27 05:33:04,296 - DEBUG - Tiles remaining: [2, 5, 6, 7, 9]
2024-07-27 05:33:04,296 - DEBUG - Rolled: 3 + 2 = 5
2024-07-27 05:33:04,296 - DEBUG - Possible moves: [(5,)]
2024-07-27 05:33:04,296 - DEBUG - Chosen Move: (5,)
2024-07-27 05:33:04,296 - DEBUG - Tiles remaining: [2, 6, 7, 9]
2024-07-27 05:33:04,296 - DEBUG - Rolled: 6 + 4 = 10
2024-07-27 05:33:04,296 - DEBUG - Possible moves: []
2024-07-27 05:33:04,296 - DEBUG - No possible moves. Game over!
2024-07-27 05:33:04,296 - DEBUG - AI's final score: 24
2024-07-27 05:33:04,296 - DEBUG - Game 4 ended with score: 24
2024-07-27 05:33:04,296 - DEBUG - Starting game 5
2024-07-27 05:33:04,296 - DEBUG - Tiles remaining: [1, 2, 3, 4, 5, 6, 7, 8, 9]
2024-07-27 05:33:04,296 - DEBUG - Rolled: 1 + 3 = 4
2024-07-27 05:33:04,297 - DEBUG - Possible moves: [(4,), (1, 3)]
2024-07-27 05:33:04,297 - DEBUG - Chosen Move: (1, 3)
2024-07-27 05:33:04,297 - DEBUG - Tiles remaining: [2, 4, 5, 6, 7, 8, 9]
2024-07-27 05:33:04,297 - DEBUG - Rolled: 5 + 4 = 9
2024-07-27 05:33:04,297 - DEBUG - Possible moves: [(9,), (2, 7), (4, 5)]
2024-07-27 05:33:04,297 - DEBUG - Chosen Move: (4, 5)
2024-07-27 05:33:04,297 - DEBUG - Tiles remaining: [2, 6, 7, 8, 9]
2024-07-27 05:33:04,297 - DEBUG - Rolled: 6 + 6 = 12
2024-07-27 05:33:04,297 - DEBUG - Possible moves: []
2024-07-27 05:33:04,297 - DEBUG - No possible moves. Game over!
2024-07-27 05:33:04,297 - DEBUG - AI's final score: 32
2024-07-27 05:33:04,297 - DEBUG - Game 5 ended with score: 32
2024-07-27 05:33:04,297 - DEBUG - Starting game 6
2024-07-27 05:33:04,297 - DEBUG - Tiles remaining: [1, 2, 3, 4, 5, 6, 7, 8, 9]
2024-07-27 05:33:04,297 - DEBUG - Rolled: 6 + 5 = 11
2024-07-27 05:33:04,298 - DEBUG - Possible moves: [(2, 9), (3, 8), (4, 7), (5, 6), (1, 2, 8), (1, 3, 7), (1, 4, 6), (2, 3, 6), (2, 4, 5), (1, 2, 3, 5)]
2024-07-27 05:33:04,298 - DEBUG - Chosen Move: (5, 6)
2024-07-27 05:33:04,298 - DEBUG - Tiles remaining: [1, 2, 3, 4, 7, 8, 9]
2024-07-27 05:33:04,298 - DEBUG - Rolled: 4 + 6 = 10
2024-07-27 05:33:04,298 - DEBUG - Possible moves: [(1, 9), (2, 8), (3, 7), (1, 2, 7), (1, 2, 3, 4)]
2024-07-27 05:33:04,298 - DEBUG - Chosen Move: (1, 9)
2024-07-27 05:33:04,298 - DEBUG - Tiles remaining: [2, 3, 4, 7, 8]
2024-07-27 05:33:04,298 - DEBUG - Rolled: 4 + 2 = 6
2024-07-27 05:33:04,298 - DEBUG - Possible moves: [(2, 4)]
2024-07-27 05:33:04,298 - DEBUG - Chosen Move: (2, 4)
2024-07-27 05:33:04,298 - DEBUG - Tiles remaining: [3, 7, 8]
2024-07-27 05:33:04,298 - DEBUG - Rolled: 4 + 5 = 9
2024-07-27 05:33:04,298 - DEBUG - Possible moves: []
2024-07-27 05:33:04,298 - DEBUG - No possible moves. Game over!
2024-07-27 05:33:04,298 - DEBUG - AI's final score: 18
2024-07-27 05:33:04,298 - DEBUG - Game 6 ended with score: 18
2024-07-27 05:33:04,298 - DEBUG - Starting game 7
2024-07-27 05:33:04,298 - DEBUG - Tiles remaining: [1, 2, 3, 4, 5, 6, 7, 8, 9]
2024-07-27 05:33:04,298 - DEBUG - Rolled: 6 + 3 = 9
2024-07-27 05:33:04,298 - DEBUG - Possible moves: [(9,), (1, 8), (2, 7), (3, 6), (4, 5), (1, 2, 6), (1, 3, 5), (2, 3, 4)]
2024-07-27 05:33:04,298 - DEBUG - Chosen Move: (3, 6)
2024-07-27 05:33:04,298 - DEBUG - Tiles remaining: [1, 2, 4, 5, 7, 8, 9]
2024-07-27 05:33:04,298 - DEBUG - Rolled: 4 + 3 = 7
2024-07-27 05:33:04,299 - DEBUG - Possible moves: [(7,), (2, 5), (1, 2, 4)]
2024-07-27 05:33:04,299 - DEBUG - Chosen Move: (2, 5)
2024-07-27 05:33:04,299 - DEBUG - Tiles remaining: [1, 4, 7, 8, 9]
2024-07-27 05:33:04,299 - DEBUG - Rolled: 3 + 5 = 8
2024-07-27 05:33:04,299 - DEBUG - Possible moves: [(8,), (1, 7)]
2024-07-27 05:33:04,299 - DEBUG - Chosen Move: (1, 7)
2024-07-27 05:33:04,299 - DEBUG - Tiles remaining: [4, 8, 9]
2024-07-27 05:33:04,299 - DEBUG - Rolled: 3 + 5 = 8
2024-07-27 05:33:04,299 - DEBUG - Possible moves: [(8,)]
2024-07-27 05:33:04,299 - DEBUG - Chosen Move: (8,)
2024-07-27 05:33:04,299 - DEBUG - Tiles remaining: [4, 9]
2024-07-27 05:33:04,299 - DEBUG - Rolled: 6 + 5 = 11
2024-07-27 05:33:04,299 - DEBUG - Possible moves: []
2024-07-27 05:33:04,299 - DEBUG - No possible moves. Game over!
2024-07-27 05:33:04,299 - DEBUG - AI's final score: 13
2024-07-27 05:33:04,299 - DEBUG - Game 7 ended with score: 13
2024-07-27 05:33:04,299 - DEBUG - Starting game 8
2024-07-27 05:33:04,299 - DEBUG - Tiles remaining: [1, 2, 3, 4, 5, 6, 7, 8, 9]
2024-07-27 05:33:04,299 - DEBUG - Rolled: 5 + 6 = 11
2024-07-27 05:33:04,299 - DEBUG - Possible moves: [(2, 9), (3, 8), (4, 7), (5, 6), (1, 2, 8), (1, 3, 7), (1, 4, 6), (2, 3, 6), (2, 4, 5), (1, 2, 3, 5)]
2024-07-27 05:33:04,299 - DEBUG - Chosen Move: (5, 6)
2024-07-27 05:33:04,299 - DEBUG - Tiles remaining: [1, 2, 3, 4, 7, 8, 9]
2024-07-27 05:33:04,299 - DEBUG - Rolled: 2 + 6 = 8
2024-07-27 05:33:04,300 - DEBUG - Possible moves: [(8,), (1, 7), (1, 3, 4)]
2024-07-27 05:33:04,300 - DEBUG - Chosen Move: (1, 3, 4)
2024-07-27 05:33:04,300 - DEBUG - Tiles remaining: [2, 7, 8, 9]
2024-07-27 05:33:04,300 - DEBUG - Rolled: 4 + 4 = 8
2024-07-27 05:33:04,300 - DEBUG - Possible moves: [(8,)]
2024-07-27 05:33:04,300 - DEBUG - Chosen Move: (8,)
2024-07-27 05:33:04,300 - DEBUG - Tiles remaining: [2, 7, 9]
2024-07-27 05:33:04,300 - DEBUG - Rolled: 2 + 3 = 5
2024-07-27 05:33:04,300 - DEBUG - Possible moves: []
2024-07-27 05:33:04,300 - DEBUG - No possible moves. Game over!
2024-07-27 05:33:04,300 - DEBUG - AI's final score: 18
2024-07-27 05:33:04,300 - DEBUG - Game 8 ended with score: 18
2024-07-27 05:33:04,300 - DEBUG - Starting game 9
2024-07-27 05:33:04,300 - DEBUG - Tiles remaining: [1, 2, 3, 4, 5, 6, 7, 8, 9]
2024-07-27 05:33:04,300 - DEBUG - Rolled: 6 + 5 = 11
2024-07-27 05:33:04,300 - DEBUG - Possible moves: [(2, 9), (3, 8), (4, 7), (5, 6), (1, 2, 8), (1, 3, 7), (1, 4, 6), (2, 3, 6), (2, 4, 5), (1, 2, 3, 5)]
2024-07-27 05:33:04,300 - DEBUG - Chosen Move: (5, 6)
2024-07-27 05:33:04,300 - DEBUG - Tiles remaining: [1, 2, 3, 4, 7, 8, 9]
2024-07-27 05:33:04,300 - DEBUG - Rolled: 6 + 3 = 9
2024-07-27 05:33:04,300 - DEBUG - Possible moves: [(9,), (1, 8), (2, 7), (2, 3, 4)]
2024-07-27 05:33:04,300 - DEBUG - Chosen Move: (1, 8)
2024-07-27 05:33:04,300 - DEBUG - Tiles remaining: [2, 3, 4, 7, 9]
2024-07-27 05:33:04,301 - DEBUG - Rolled: 3 + 5 = 8
2024-07-27 05:33:04,301 - DEBUG - Possible moves: []
2024-07-27 05:33:04,301 - DEBUG - No possible moves. Game over!
2024-07-27 05:33:04,301 - DEBUG - AI's final score: 25
2024-07-27 05:33:04,301 - DEBUG - Game 9 ended with score: 25
2024-07-27 05:33:04,301 - DEBUG - Starting game 10
2024-07-27 05:33:04,301 - DEBUG - Tiles remaining: [1, 2, 3, 4, 5, 6, 7, 8, 9]
2024-07-27 05:33:04,301 - DEBUG - Rolled: 6 + 3 = 9
2024-07-27 05:33:04,301 - DEBUG - Possible moves: [(9,), (1, 8), (2, 7), (3, 6), (4, 5), (1, 2, 6), (1, 3, 5), (2, 3, 4)]
2024-07-27 05:33:04,301 - DEBUG - Chosen Move: (3, 6)
2024-07-27 05:33:04,301 - DEBUG - Tiles remaining: [1, 2, 4, 5, 7, 8, 9]
2024-07-27 05:33:04,301 - DEBUG - Rolled: 3 + 5 = 8
2024-07-27 05:33:04,301 - DEBUG - Possible moves: [(8,), (1, 7), (1, 2, 5)]
2024-07-27 05:33:04,301 - DEBUG - Chosen Move: (1, 2, 5)
2024-07-27 05:33:04,301 - DEBUG - Tiles remaining: [4, 7, 8, 9]
2024-07-27 05:33:04,301 - DEBUG - Rolled: 1 + 5 = 6
2024-07-27 05:33:04,302 - DEBUG - Possible moves: []
2024-07-27 05:33:04,302 - DEBUG - No possible moves. Game over!
2024-07-27 05:33:04,302 - DEBUG - AI's final score: 28
2024-07-27 05:33:04,302 - DEBUG - Game 10 ended with score: 28
2024-07-27 05:33:04,302 - DEBUG - Results appended to ./results/stb_simple_ai_results_20240727-053304.csv
2024-07-27 05:33:04,315 - DEBUG - Results saved to ./results/stb_simple_ai_results_20240727-053304.json
2024-07-27 05:33:04,315 - DEBUG - ## ## Simulation ended for 10 games using strategy #Single Tile ## ##
2024-07-27 05:33:04,316 - DEBUG - ## ## Simulation beginning for 10 games using strategy #2 ## ##
2024-07-27 05:33:04,316 - DEBUG - Starting game 1
2024-07-27 05:33:04,316 - DEBUG - Tiles remaining: [1, 2, 3, 4, 5, 6, 7, 8, 9]
2024-07-27 05:33:04,316 - DEBUG - Rolled: 5 + 5 = 10
2024-07-27 05:33:04,316 - DEBUG - Possible moves: [(1, 9), (2, 8), (3, 7), (4, 6), (1, 2, 7), (1, 3, 6), (1, 4, 5), (2, 3, 5), (1, 2, 3, 4)]
2024-07-27 05:33:04,316 - DEBUG - Chosen Move: (1, 2, 3, 4)
2024-07-27 05:33:04,316 - DEBUG - Tiles remaining: [5, 6, 7, 8, 9]
2024-07-27 05:33:04,316 - DEBUG - Rolled: 2 + 2 = 4
2024-07-27 05:33:04,316 - DEBUG - Possible moves: []
2024-07-27 05:33:04,316 - DEBUG - No possible moves. Game over!
2024-07-27 05:33:04,316 - DEBUG - AI's final score: 35
2024-07-27 05:33:04,316 - DEBUG - Game 1 ended with score: 35
2024-07-27 05:33:04,316 - DEBUG - Starting game 2
2024-07-27 05:33:04,316 - DEBUG - Tiles remaining: [1, 2, 3, 4, 5, 6, 7, 8, 9]
2024-07-27 05:33:04,316 - DEBUG - Rolled: 2 + 6 = 8
2024-07-27 05:33:04,316 - DEBUG - Possible moves: [(8,), (1, 7), (2, 6), (3, 5), (1, 2, 5), (1, 3, 4)]
2024-07-27 05:33:04,316 - DEBUG - Chosen Move: (1, 2, 5)
2024-07-27 05:33:04,316 - DEBUG - Tiles remaining: [3, 4, 6, 7, 8, 9]
2024-07-27 05:33:04,317 - DEBUG - Rolled: 2 + 1 = 3
2024-07-27 05:33:04,317 - DEBUG - Possible moves: [(3,)]
2024-07-27 05:33:04,317 - DEBUG - Chosen Move: (3,)
2024-07-27 05:33:04,317 - DEBUG - Tiles remaining: [4, 6, 7, 8, 9]
2024-07-27 05:33:04,317 - DEBUG - Rolled: 5 + 1 = 6
2024-07-27 05:33:04,317 - DEBUG - Possible moves: [(6,)]
2024-07-27 05:33:04,317 - DEBUG - Chosen Move: (6,)
2024-07-27 05:33:04,317 - DEBUG - Tiles remaining: [4, 7, 8, 9]
2024-07-27 05:33:04,317 - DEBUG - Rolled: 2 + 4 = 6
2024-07-27 05:33:04,317 - DEBUG - Possible moves: []
2024-07-27 05:33:04,317 - DEBUG - No possible moves. Game over!
2024-07-27 05:33:04,317 - DEBUG - AI's final score: 28
2024-07-27 05:33:04,317 - DEBUG - Game 2 ended with score: 28
2024-07-27 05:33:04,317 - DEBUG - Starting game 3
2024-07-27 05:33:04,317 - DEBUG - Tiles remaining: [1, 2, 3, 4, 5, 6, 7, 8, 9]
2024-07-27 05:33:04,317 - DEBUG - Rolled: 5 + 6 = 11
2024-07-27 05:33:04,317 - DEBUG - Possible moves: [(2, 9), (3, 8), (4, 7), (5, 6), (1, 2, 8), (1, 3, 7), (1, 4, 6), (2, 3, 6), (2, 4, 5), (1, 2, 3, 5)]
2024-07-27 05:33:04,317 - DEBUG - Chosen Move: (1, 2, 3, 5)
2024-07-27 05:33:04,317 - DEBUG - Tiles remaining: [4, 6, 7, 8, 9]
2024-07-27 05:33:04,317 - DEBUG - Rolled: 1 + 4 = 5
2024-07-27 05:33:04,317 - DEBUG - Possible moves: []
2024-07-27 05:33:04,318 - DEBUG - No possible moves. Game over!
2024-07-27 05:33:04,318 - DEBUG - AI's final score: 34
2024-07-27 05:33:04,318 - DEBUG - Game 3 ended with score: 34
2024-07-27 05:33:04,318 - DEBUG - Starting game 4
2024-07-27 05:33:04,318 - DEBUG - Tiles remaining: [1, 2, 3, 4, 5, 6, 7, 8, 9]
2024-07-27 05:33:04,318 - DEBUG - Rolled: 6 + 4 = 10
2024-07-27 05:33:04,318 - DEBUG - Possible moves: [(1, 9), (2, 8), (3, 7), (4, 6), (1, 2, 7), (1, 3, 6), (1, 4, 5), (2, 3, 5), (1, 2, 3, 4)]
2024-07-27 05:33:04,318 - DEBUG - Chosen Move: (1, 2, 3, 4)
2024-07-27 05:33:04,318 - DEBUG - Tiles remaining: [5, 6, 7, 8, 9]
2024-07-27 05:33:04,318 - DEBUG - Rolled: 3 + 5 = 8
2024-07-27 05:33:04,318 - DEBUG - Possible moves: [(8,)]
2024-07-27 05:33:04,318 - DEBUG - Chosen Move: (8,)
2024-07-27 05:33:04,318 - DEBUG - Tiles remaining: [5, 6, 7, 9]
2024-07-27 05:33:04,318 - DEBUG - Rolled: 3 + 6 = 9
2024-07-27 05:33:04,318 - DEBUG - Possible moves: [(9,)]
2024-07-27 05:33:04,318 - DEBUG - Chosen Move: (9,)
2024-07-27 05:33:04,318 - DEBUG - Tiles remaining: [5, 6, 7]
2024-07-27 05:33:04,318 - DEBUG - Rolled: 2 + 3 = 5
2024-07-27 05:33:04,318 - DEBUG - Possible moves: [(5,)]
2024-07-27 05:33:04,318 - DEBUG - Chosen Move: (5,)
2024-07-27 05:33:04,318 - DEBUG - Tiles remaining: [6, 7]
2024-07-27 05:33:04,318 - DEBUG - Rolled: 1 + 5 = 6
2024-07-27 05:33:04,318 - DEBUG - Possible moves: [(6,)]
2024-07-27 05:33:04,318 - DEBUG - Chosen Move: (6,)
2024-07-27 05:33:04,318 - DEBUG - Tiles remaining: [7]
2024-07-27 05:33:04,318 - DEBUG - Rolled: 1 + 6 = 7
2024-07-27 05:33:04,318 - DEBUG - Possible moves: [(7,)]
2024-07-27 05:33:04,319 - DEBUG - Chosen Move: (7,)
2024-07-27 05:33:04,319 - DEBUG - Congratulations! The box has been shut!
2024-07-27 05:33:04,319 - DEBUG - AI's final score: 0
2024-07-27 05:33:04,319 - DEBUG - Game 4 ended with score: 0
2024-07-27 05:33:04,319 - DEBUG - Starting game 5
2024-07-27 05:33:04,319 - DEBUG - Tiles remaining: [1, 2, 3, 4, 5, 6, 7, 8, 9]
2024-07-27 05:33:04,319 - DEBUG - Rolled: 1 + 2 = 3
2024-07-27 05:33:04,319 - DEBUG - Possible moves: [(3,), (1, 2)]
2024-07-27 05:33:04,319 - DEBUG - Chosen Move: (1, 2)
2024-07-27 05:33:04,319 - DEBUG - Tiles remaining: [3, 4, 5, 6, 7, 8, 9]
2024-07-27 05:33:04,319 - DEBUG - Rolled: 4 + 2 = 6
2024-07-27 05:33:04,319 - DEBUG - Possible moves: [(6,)]
2024-07-27 05:33:04,319 - DEBUG - Chosen Move: (6,)
2024-07-27 05:33:04,319 - DEBUG - Tiles remaining: [3, 4, 5, 7, 8, 9]
2024-07-27 05:33:04,319 - DEBUG - Rolled: 1 + 6 = 7
2024-07-27 05:33:04,319 - DEBUG - Possible moves: [(7,), (3, 4)]
2024-07-27 05:33:04,319 - DEBUG - Chosen Move: (3, 4)
2024-07-27 05:33:04,319 - DEBUG - Tiles remaining: [5, 7, 8, 9]
2024-07-27 05:33:04,319 - DEBUG - Rolled: 5 + 5 = 10
2024-07-27 05:33:04,319 - DEBUG - Possible moves: []
2024-07-27 05:33:04,319 - DEBUG - No possible moves. Game over!
2024-07-27 05:33:04,319 - DEBUG - AI's final score: 29
2024-07-27 05:33:04,319 - DEBUG - Game 5 ended with score: 29
2024-07-27 05:33:04,319 - DEBUG - Starting game 6
2024-07-27 05:33:04,319 - DEBUG - Tiles remaining: [1, 2, 3, 4, 5, 6, 7, 8, 9]
2024-07-27 05:33:04,320 - DEBUG - Rolled: 4 + 4 = 8
2024-07-27 05:33:04,320 - DEBUG - Possible moves: [(8,), (1, 7), (2, 6), (3, 5), (1, 2, 5), (1, 3, 4)]
2024-07-27 05:33:04,320 - DEBUG - Chosen Move: (1, 2, 5)
2024-07-27 05:33:04,320 - DEBUG - Tiles remaining: [3, 4, 6, 7, 8, 9]
2024-07-27 05:33:04,320 - DEBUG - Rolled: 5 + 4 = 9
2024-07-27 05:33:04,320 - DEBUG - Possible moves: [(9,), (3, 6)]
2024-07-27 05:33:04,320 - DEBUG - Chosen Move: (3, 6)
2024-07-27 05:33:04,320 - DEBUG - Tiles remaining: [4, 7, 8, 9]
2024-07-27 05:33:04,320 - DEBUG - Rolled: 4 + 1 = 5
2024-07-27 05:33:04,320 - DEBUG - Possible moves: []
2024-07-27 05:33:04,320 - DEBUG - No possible moves. Game over!
2024-07-27 05:33:04,320 - DEBUG - AI's final score: 28
2024-07-27 05:33:04,320 - DEBUG - Game 6 ended with score: 28
2024-07-27 05:33:04,320 - DEBUG - Starting game 7
2024-07-27 05:33:04,320 - DEBUG - Tiles remaining: [1, 2, 3, 4, 5, 6, 7, 8, 9]
2024-07-27 05:33:04,320 - DEBUG - Rolled: 1 + 1 = 2
2024-07-27 05:33:04,320 - DEBUG - Possible moves: [(2,)]
2024-07-27 05:33:04,320 - DEBUG - Chosen Move: (2,)
2024-07-27 05:33:04,320 - DEBUG - Tiles remaining: [1, 3, 4, 5, 6, 7, 8, 9]
2024-07-27 05:33:04,320 - DEBUG - Rolled: 6 + 5 = 11
2024-07-27 05:33:04,320 - DEBUG - Possible moves: [(3, 8), (4, 7), (5, 6), (1, 3, 7), (1, 4, 6)]
2024-07-27 05:33:04,320 - DEBUG - Chosen Move: (1, 3, 7)
2024-07-27 05:33:04,320 - DEBUG - Tiles remaining: [4, 5, 6, 8, 9]
2024-07-27 05:33:04,320 - DEBUG - Rolled: 1 + 1 = 2
2024-07-27 05:33:04,320 - DEBUG - Possible moves: []
2024-07-27 05:33:04,321 - DEBUG - No possible moves. Game over!
2024-07-27 05:33:04,321 - DEBUG - AI's final score: 32
2024-07-27 05:33:04,321 - DEBUG - Game 7 ended with score: 32
2024-07-27 05:33:04,321 - DEBUG - Starting game 8
2024-07-27 05:33:04,321 - DEBUG - Tiles remaining: [1, 2, 3, 4, 5, 6, 7, 8, 9]
2024-07-27 05:33:04,321 - DEBUG - Rolled: 4 + 6 = 10
2024-07-27 05:33:04,321 - DEBUG - Possible moves: [(1, 9), (2, 8), (3, 7), (4, 6), (1, 2, 7), (1, 3, 6), (1, 4, 5), (2, 3, 5), (1, 2, 3, 4)]
2024-07-27 05:33:04,321 - DEBUG - Chosen Move: (1, 2, 3, 4)
2024-07-27 05:33:04,321 - DEBUG - Tiles remaining: [5, 6, 7, 8, 9]
2024-07-27 05:33:04,321 - DEBUG - Rolled: 5 + 1 = 6
2024-07-27 05:33:04,321 - DEBUG - Possible moves: [(6,)]
2024-07-27 05:33:04,321 - DEBUG - Chosen Move: (6,)
2024-07-27 05:33:04,321 - DEBUG - Tiles remaining: [5, 7, 8, 9]
2024-07-27 05:33:04,321 - DEBUG - Rolled: 1 + 1 = 2
2024-07-27 05:33:04,321 - DEBUG - Possible moves: []
2024-07-27 05:33:04,321 - DEBUG - No possible moves. Game over!
2024-07-27 05:33:04,321 - DEBUG - AI's final score: 29
2024-07-27 05:33:04,321 - DEBUG - Game 8 ended with score: 29
2024-07-27 05:33:04,321 - DEBUG - Starting game 9
2024-07-27 05:33:04,321 - DEBUG - Tiles remaining: [1, 2, 3, 4, 5, 6, 7, 8, 9]
2024-07-27 05:33:04,321 - DEBUG - Rolled: 5 + 6 = 11
2024-07-27 05:33:04,321 - DEBUG - Possible moves: [(2, 9), (3, 8), (4, 7), (5, 6), (1, 2, 8), (1, 3, 7), (1, 4, 6), (2, 3, 6), (2, 4, 5), (1, 2, 3, 5)]
2024-07-27 05:33:04,321 - DEBUG - Chosen Move: (1, 2, 3, 5)
2024-07-27 05:33:04,321 - DEBUG - Tiles remaining: [4, 6, 7, 8, 9]
2024-07-27 05:33:04,321 - DEBUG - Rolled: 6 + 5 = 11
2024-07-27 05:33:04,321 - DEBUG - Possible moves: [(4, 7)]
2024-07-27 05:33:04,321 - DEBUG - Chosen Move: (4, 7)
2024-07-27 05:33:04,321 - DEBUG - Tiles remaining: [6, 8, 9]
2024-07-27 05:33:04,321 - DEBUG - Rolled: 5 + 2 = 7
2024-07-27 05:33:04,321 - DEBUG - Possible moves: []
2024-07-27 05:33:04,321 - DEBUG - No possible moves. Game over!
2024-07-27 05:33:04,321 - DEBUG - AI's final score: 23
2024-07-27 05:33:04,321 - DEBUG - Game 9 ended with score: 23
2024-07-27 05:33:04,321 - DEBUG - Starting game 10
2024-07-27 05:33:04,322 - DEBUG - Tiles remaining: [1, 2, 3, 4, 5, 6, 7, 8, 9]
2024-07-27 05:33:04,322 - DEBUG - Rolled: 1 + 3 = 4
2024-07-27 05:33:04,322 - DEBUG - Possible moves: [(4,), (1, 3)]
2024-07-27 05:33:04,322 - DEBUG - Chosen Move: (1, 3)
2024-07-27 05:33:04,322 - DEBUG - Tiles remaining: [2, 4, 5, 6, 7, 8, 9]
2024-07-27 05:33:04,322 - DEBUG - Rolled: 5 + 4 = 9
2024-07-27 05:33:04,322 - DEBUG - Possible moves: [(9,), (2, 7), (4, 5)]
2024-07-27 05:33:04,322 - DEBUG - Chosen Move: (2, 7)
2024-07-27 05:33:04,322 - DEBUG - Tiles remaining: [4, 5, 6, 8, 9]
2024-07-27 05:33:04,322 - DEBUG - Rolled: 3 + 2 = 5
2024-07-27 05:33:04,322 - DEBUG - Possible moves: [(5,)]
2024-07-27 05:33:04,322 - DEBUG - Chosen Move: (5,)
2024-07-27 05:33:04,322 - DEBUG - Tiles remaining: [4, 6, 8, 9]
2024-07-27 05:33:04,322 - DEBUG - Rolled: 6 + 6 = 12
2024-07-27 05:33:04,322 - DEBUG - Possible moves: [(4, 8)]
2024-07-27 05:33:04,322 - DEBUG - Chosen Move: (4, 8)
2024-07-27 05:33:04,322 - DEBUG - Tiles remaining: [6, 9]
2024-07-27 05:33:04,322 - DEBUG - Rolled: 3 + 3 = 6
2024-07-27 05:33:04,322 - DEBUG - Possible moves: [(6,)]
2024-07-27 05:33:04,322 - DEBUG - Chosen Move: (6,)
2024-07-27 05:33:04,322 - DEBUG - Tiles remaining: [9]
2024-07-27 05:33:04,322 - DEBUG - Rolled: 5 + 4 = 9
2024-07-27 05:33:04,322 - DEBUG - Possible moves: [(9,)]
2024-07-27 05:33:04,322 - DEBUG - Chosen Move: (9,)
2024-07-27 05:33:04,322 - DEBUG - Congratulations! The box has been shut!
2024-07-27 05:33:04,322 - DEBUG - AI's final score: 0
2024-07-27 05:33:04,322 - DEBUG - Game 10 ended with score: 0
2024-07-27 05:33:04,323 - DEBUG - Results appended to ./results/stb_simple_ai_results_20240727-053304.csv
2024-07-27 05:33:04,332 - DEBUG - Results saved to ./results/stb_simple_ai_results_20240727-053304.json
2024-07-27 05:33:04,332 - DEBUG - ## ## Simulation ended for 10 games using strategy #Maximum Immediate Reward ## ##
2024-07-27 05:33:04,332 - DEBUG - ## ## Simulation beginning for 10 games using strategy #3 ## ##
2024-07-27 05:33:04,332 - DEBUG - Starting game 1
2024-07-27 05:33:04,332 - DEBUG - Tiles remaining: [1, 2, 3, 4, 5, 6, 7, 8, 9]
2024-07-27 05:33:04,332 - DEBUG - Rolled: 4 + 6 = 10
2024-07-27 05:33:04,332 - DEBUG - Possible moves: [(1, 9), (2, 8), (3, 7), (4, 6), (1, 2, 7), (1, 3, 6), (1, 4, 5), (2, 3, 5), (1, 2, 3, 4)]
2024-07-27 05:33:04,332 - DEBUG - Chosen Move: (1, 9)
2024-07-27 05:33:04,332 - DEBUG - Tiles remaining: [2, 3, 4, 5, 6, 7, 8]
2024-07-27 05:33:04,333 - DEBUG - Rolled: 2 + 4 = 6
2024-07-27 05:33:04,333 - DEBUG - Possible moves: [(6,), (2, 4)]
2024-07-27 05:33:04,333 - DEBUG - Chosen Move: (6,)
2024-07-27 05:33:04,333 - DEBUG - Tiles remaining: [2, 3, 4, 5, 7, 8]
2024-07-27 05:33:04,333 - DEBUG - Rolled: 6 + 1 = 7
2024-07-27 05:33:04,333 - DEBUG - Possible moves: [(7,), (2, 5), (3, 4)]
2024-07-27 05:33:04,333 - DEBUG - Chosen Move: (7,)
2024-07-27 05:33:04,333 - DEBUG - Tiles remaining: [2, 3, 4, 5, 8]
2024-07-27 05:33:04,333 - DEBUG - Rolled: 2 + 6 = 8
2024-07-27 05:33:04,333 - DEBUG - Possible moves: [(8,), (3, 5)]
2024-07-27 05:33:04,333 - DEBUG - Chosen Move: (8,)
2024-07-27 05:33:04,333 - DEBUG - Tiles remaining: [2, 3, 4, 5]
2024-07-27 05:33:04,333 - DEBUG - Rolled: 5 + 3 = 8
2024-07-27 05:33:04,333 - DEBUG - Possible moves: [(3, 5)]
2024-07-27 05:33:04,333 - DEBUG - Chosen Move: (3, 5)
2024-07-27 05:33:04,333 - DEBUG - Tiles remaining: [2, 4]
2024-07-27 05:33:04,333 - DEBUG - Rolled: 2 + 3 = 5
2024-07-27 05:33:04,333 - DEBUG - Possible moves: []
2024-07-27 05:33:04,333 - DEBUG - No possible moves. Game over!
2024-07-27 05:33:04,333 - DEBUG - AI's final score: 6
2024-07-27 05:33:04,333 - DEBUG - Game 1 ended with score: 6
2024-07-27 05:33:04,333 - DEBUG - Starting game 2
2024-07-27 05:33:04,333 - DEBUG - Tiles remaining: [1, 2, 3, 4, 5, 6, 7, 8, 9]
2024-07-27 05:33:04,333 - DEBUG - Rolled: 4 + 5 = 9
2024-07-27 05:33:04,334 - DEBUG - Possible moves: [(9,), (1, 8), (2, 7), (3, 6), (4, 5), (1, 2, 6), (1, 3, 5), (2, 3, 4)]
2024-07-27 05:33:04,334 - DEBUG - Chosen Move: (9,)
2024-07-27 05:33:04,334 - DEBUG - Tiles remaining: [1, 2, 3, 4, 5, 6, 7, 8]
2024-07-27 05:33:04,334 - DEBUG - Rolled: 5 + 5 = 10
2024-07-27 05:33:04,334 - DEBUG - Possible moves: [(2, 8), (3, 7), (4, 6), (1, 2, 7), (1, 3, 6), (1, 4, 5), (2, 3, 5), (1, 2, 3, 4)]
2024-07-27 05:33:04,334 - DEBUG - Chosen Move: (2, 8)
2024-07-27 05:33:04,334 - DEBUG - Tiles remaining: [1, 3, 4, 5, 6, 7]
2024-07-27 05:33:04,334 - DEBUG - Rolled: 4 + 5 = 9
2024-07-27 05:33:04,334 - DEBUG - Possible moves: [(3, 6), (4, 5), (1, 3, 5)]
2024-07-27 05:33:04,334 - DEBUG - Chosen Move: (3, 6)
2024-07-27 05:33:04,334 - DEBUG - Tiles remaining: [1, 4, 5, 7]
2024-07-27 05:33:04,334 - DEBUG - Rolled: 5 + 5 = 10
2024-07-27 05:33:04,334 - DEBUG - Possible moves: [(1, 4, 5)]
2024-07-27 05:33:04,334 - DEBUG - Chosen Move: (1, 4, 5)
2024-07-27 05:33:04,334 - DEBUG - Tiles remaining: [7]
2024-07-27 05:33:04,334 - DEBUG - Rolled: 4 + 6 = 10
2024-07-27 05:33:04,334 - DEBUG - Possible moves: []
2024-07-27 05:33:04,334 - DEBUG - No possible moves. Game over!
2024-07-27 05:33:04,334 - DEBUG - AI's final score: 7
2024-07-27 05:33:04,334 - DEBUG - Game 2 ended with score: 7
2024-07-27 05:33:04,334 - DEBUG - Starting game 3
2024-07-27 05:33:04,334 - DEBUG - Tiles remaining: [1, 2, 3, 4, 5, 6, 7, 8, 9]
2024-07-27 05:33:04,334 - DEBUG - Rolled: 2 + 4 = 6
2024-07-27 05:33:04,334 - DEBUG - Possible moves: [(6,), (1, 5), (2, 4), (1, 2, 3)]
2024-07-27 05:33:04,334 - DEBUG - Chosen Move: (6,)
2024-07-27 05:33:04,334 - DEBUG - Tiles remaining: [1, 2, 3, 4, 5, 7, 8, 9]
2024-07-27 05:33:04,334 - DEBUG - Rolled: 6 + 2 = 8
2024-07-27 05:33:04,335 - DEBUG - Possible moves: [(8,), (1, 7), (3, 5), (1, 2, 5), (1, 3, 4)]
2024-07-27 05:33:04,335 - DEBUG - Chosen Move: (8,)
2024-07-27 05:33:04,335 - DEBUG - Tiles remaining: [1, 2, 3, 4, 5, 7, 9]
2024-07-27 05:33:04,335 - DEBUG - Rolled: 2 + 5 = 7
2024-07-27 05:33:04,335 - DEBUG - Possible moves: [(7,), (2, 5), (3, 4), (1, 2, 4)]
2024-07-27 05:33:04,335 - DEBUG - Chosen Move: (7,)
2024-07-27 05:33:04,335 - DEBUG - Tiles remaining: [1, 2, 3, 4, 5, 9]
2024-07-27 05:33:04,335 - DEBUG - Rolled: 6 + 4 = 10
2024-07-27 05:33:04,335 - DEBUG - Possible moves: [(1, 9), (1, 4, 5), (2, 3, 5), (1, 2, 3, 4)]
2024-07-27 05:33:04,335 - DEBUG - Chosen Move: (1, 9)
2024-07-27 05:33:04,335 - DEBUG - Tiles remaining: [2, 3, 4, 5]
2024-07-27 05:33:04,335 - DEBUG - Rolled: 4 + 1 = 5
2024-07-27 05:33:04,335 - DEBUG - Possible moves: [(5,), (2, 3)]
2024-07-27 05:33:04,335 - DEBUG - Chosen Move: (5,)
2024-07-27 05:33:04,335 - DEBUG - Tiles remaining: [2, 3, 4]
2024-07-27 05:33:04,335 - DEBUG - Rolled: 3 + 1 = 4
2024-07-27 05:33:04,335 - DEBUG - Possible moves: [(4,)]
2024-07-27 05:33:04,335 - DEBUG - Chosen Move: (4,)
2024-07-27 05:33:04,335 - DEBUG - Tiles remaining: [2, 3]
2024-07-27 05:33:04,335 - DEBUG - Rolled: 4 + 3 = 7
2024-07-27 05:33:04,335 - DEBUG - Possible moves: []
2024-07-27 05:33:04,335 - DEBUG - No possible moves. Game over!
2024-07-27 05:33:04,335 - DEBUG - AI's final score: 5
2024-07-27 05:33:04,335 - DEBUG - Game 3 ended with score: 5
2024-07-27 05:33:04,335 - DEBUG - Starting game 4
2024-07-27 05:33:04,335 - DEBUG - Tiles remaining: [1, 2, 3, 4, 5, 6, 7, 8, 9]
2024-07-27 05:33:04,335 - DEBUG - Rolled: 3 + 6 = 9
2024-07-27 05:33:04,335 - DEBUG - Possible moves: [(9,), (1, 8), (2, 7), (3, 6), (4, 5), (1, 2, 6), (1, 3, 5), (2, 3, 4)]
2024-07-27 05:33:04,336 - DEBUG - Chosen Move: (9,)
2024-07-27 05:33:04,336 - DEBUG - Tiles remaining: [1, 2, 3, 4, 5, 6, 7, 8]
2024-07-27 05:33:04,336 - DEBUG - Rolled: 5 + 2 = 7
2024-07-27 05:33:04,336 - DEBUG - Possible moves: [(7,), (1, 6), (2, 5), (3, 4), (1, 2, 4)]
2024-07-27 05:33:04,336 - DEBUG - Chosen Move: (7,)
2024-07-27 05:33:04,336 - DEBUG - Tiles remaining: [1, 2, 3, 4, 5, 6, 8]
2024-07-27 05:33:04,336 - DEBUG - Rolled: 4 + 2 = 6
2024-07-27 05:33:04,336 - DEBUG - Possible moves: [(6,), (1, 5), (2, 4), (1, 2, 3)]
2024-07-27 05:33:04,336 - DEBUG - Chosen Move: (6,)
2024-07-27 05:33:04,336 - DEBUG - Tiles remaining: [1, 2, 3, 4, 5, 8]
2024-07-27 05:33:04,336 - DEBUG - Rolled: 5 + 5 = 10
2024-07-27 05:33:04,336 - DEBUG - Possible moves: [(2, 8), (1, 4, 5), (2, 3, 5), (1, 2, 3, 4)]
2024-07-27 05:33:04,336 - DEBUG - Chosen Move: (2, 8)
2024-07-27 05:33:04,336 - DEBUG - Tiles remaining: [1, 3, 4, 5]
2024-07-27 05:33:04,336 - DEBUG - Rolled: 2 + 3 = 5
2024-07-27 05:33:04,336 - DEBUG - Possible moves: [(5,), (1, 4)]
2024-07-27 05:33:04,336 - DEBUG - Chosen Move: (5,)
2024-07-27 05:33:04,336 - DEBUG - Tiles remaining: [1, 3, 4]
2024-07-27 05:33:04,336 - DEBUG - Rolled: 5 + 3 = 8
2024-07-27 05:33:04,336 - DEBUG - Possible moves: [(1, 3, 4)]
2024-07-27 05:33:04,336 - DEBUG - Chosen Move: (1, 3, 4)
2024-07-27 05:33:04,336 - DEBUG - Congratulations! The box has been shut!
2024-07-27 05:33:04,336 - DEBUG - AI's final score: 0
2024-07-27 05:33:04,336 - DEBUG - Game 4 ended with score: 0
2024-07-27 05:33:04,336 - DEBUG - Starting game 5
2024-07-27 05:33:04,336 - DEBUG - Tiles remaining: [1, 2, 3, 4, 5, 6, 7, 8, 9]
2024-07-27 05:33:04,336 - DEBUG - Rolled: 6 + 4 = 10
2024-07-27 05:33:04,336 - DEBUG - Possible moves: [(1, 9), (2, 8), (3, 7), (4, 6), (1, 2, 7), (1, 3, 6), (1, 4, 5), (2, 3, 5), (1, 2, 3, 4)]
2024-07-27 05:33:04,336 - DEBUG - Chosen Move: (1, 9)
2024-07-27 05:33:04,337 - DEBUG - Tiles remaining: [2, 3, 4, 5, 6, 7, 8]
2024-07-27 05:33:04,337 - DEBUG - Rolled: 5 + 3 = 8
2024-07-27 05:33:04,337 - DEBUG - Possible moves: [(8,), (2, 6), (3, 5)]
2024-07-27 05:33:04,337 - DEBUG - Chosen Move: (8,)
2024-07-27 05:33:04,337 - DEBUG - Tiles remaining: [2, 3, 4, 5, 6, 7]
2024-07-27 05:33:04,337 - DEBUG - Rolled: 6 + 2 = 8
2024-07-27 05:33:04,337 - DEBUG - Possible moves: [(2, 6), (3, 5)]
2024-07-27 05:33:04,337 - DEBUG - Chosen Move: (2, 6)
2024-07-27 05:33:04,337 - DEBUG - Tiles remaining: [3, 4, 5, 7]
2024-07-27 05:33:04,337 - DEBUG - Rolled: 1 + 6 = 7
2024-07-27 05:33:04,337 - DEBUG - Possible moves: [(7,), (3, 4)]
2024-07-27 05:33:04,337 - DEBUG - Chosen Move: (7,)
2024-07-27 05:33:04,337 - DEBUG - Tiles remaining: [3, 4, 5]
2024-07-27 05:33:04,337 - DEBUG - Rolled: 2 + 5 = 7
2024-07-27 05:33:04,337 - DEBUG - Possible moves: [(3, 4)]
2024-07-27 05:33:04,337 - DEBUG - Chosen Move: (3, 4)
2024-07-27 05:33:04,337 - DEBUG - Tiles remaining: [5]
2024-07-27 05:33:04,337 - DEBUG - Rolled: 3 + 5 = 8
2024-07-27 05:33:04,337 - DEBUG - Possible moves: []
2024-07-27 05:33:04,337 - DEBUG - No possible moves. Game over!
2024-07-27 05:33:04,337 - DEBUG - AI's final score: 5
2024-07-27 05:33:04,337 - DEBUG - Game 5 ended with score: 5
2024-07-27 05:33:04,337 - DEBUG - Starting game 6
2024-07-27 05:33:04,337 - DEBUG - Tiles remaining: [1, 2, 3, 4, 5, 6, 7, 8, 9]
2024-07-27 05:33:04,337 - DEBUG - Rolled: 1 + 4 = 5
2024-07-27 05:33:04,337 - DEBUG - Possible moves: [(5,), (1, 4), (2, 3)]
2024-07-27 05:33:04,337 - DEBUG - Chosen Move: (5,)
2024-07-27 05:33:04,337 - DEBUG - Tiles remaining: [1, 2, 3, 4, 6, 7, 8, 9]
2024-07-27 05:33:04,337 - DEBUG - Rolled: 4 + 4 = 8
2024-07-27 05:33:04,338 - DEBUG - Possible moves: [(8,), (1, 7), (2, 6), (1, 3, 4)]
2024-07-27 05:33:04,338 - DEBUG - Chosen Move: (8,)
2024-07-27 05:33:04,338 - DEBUG - Tiles remaining: [1, 2, 3, 4, 6, 7, 9]
2024-07-27 05:33:04,338 - DEBUG - Rolled: 3 + 4 = 7
2024-07-27 05:33:04,338 - DEBUG - Possible moves: [(7,), (1, 6), (3, 4), (1, 2, 4)]
2024-07-27 05:33:04,338 - DEBUG - Chosen Move: (7,)
2024-07-27 05:33:04,338 - DEBUG - Tiles remaining: [1, 2, 3, 4, 6, 9]
2024-07-27 05:33:04,338 - DEBUG - Rolled: 1 + 6 = 7
2024-07-27 05:33:04,338 - DEBUG - Possible moves: [(1, 6), (3, 4), (1, 2, 4)]
2024-07-27 05:33:04,338 - DEBUG - Chosen Move: (1, 6)
2024-07-27 05:33:04,338 - DEBUG - Tiles remaining: [2, 3, 4, 9]
2024-07-27 05:33:04,338 - DEBUG - Rolled: 2 + 6 = 8
2024-07-27 05:33:04,338 - DEBUG - Possible moves: []
2024-07-27 05:33:04,338 - DEBUG - No possible moves. Game over!
2024-07-27 05:33:04,338 - DEBUG - AI's final score: 18
2024-07-27 05:33:04,338 - DEBUG - Game 6 ended with score: 18
2024-07-27 05:33:04,338 - DEBUG - Starting game 7
2024-07-27 05:33:04,338 - DEBUG - Tiles remaining: [1, 2, 3, 4, 5, 6, 7, 8, 9]
2024-07-27 05:33:04,338 - DEBUG - Rolled: 6 + 3 = 9
2024-07-27 05:33:04,338 - DEBUG - Possible moves: [(9,), (1, 8), (2, 7), (3, 6), (4, 5), (1, 2, 6), (1, 3, 5), (2, 3, 4)]
2024-07-27 05:33:04,338 - DEBUG - Chosen Move: (9,)
2024-07-27 05:33:04,338 - DEBUG - Tiles remaining: [1, 2, 3, 4, 5, 6, 7, 8]
2024-07-27 05:33:04,338 - DEBUG - Rolled: 5 + 2 = 7
2024-07-27 05:33:04,338 - DEBUG - Possible moves: [(7,), (1, 6), (2, 5), (3, 4), (1, 2, 4)]
2024-07-27 05:33:04,338 - DEBUG - Chosen Move: (7,)
2024-07-27 05:33:04,338 - DEBUG - Tiles remaining: [1, 2, 3, 4, 5, 6, 8]
2024-07-27 05:33:04,338 - DEBUG - Rolled: 2 + 2 = 4
2024-07-27 05:33:04,338 - DEBUG - Possible moves: [(4,), (1, 3)]
2024-07-27 05:33:04,338 - DEBUG - Chosen Move: (4,)
2024-07-27 05:33:04,339 - DEBUG - Tiles remaining: [1, 2, 3, 5, 6, 8]
2024-07-27 05:33:04,339 - DEBUG - Rolled: 3 + 6 = 9
2024-07-27 05:33:04,339 - DEBUG - Possible moves: [(1, 8), (3, 6), (1, 2, 6), (1, 3, 5)]
2024-07-27 05:33:04,339 - DEBUG - Chosen Move: (1, 8)
2024-07-27 05:33:04,339 - DEBUG - Tiles remaining: [2, 3, 5, 6]
2024-07-27 05:33:04,339 - DEBUG - Rolled: 6 + 4 = 10
2024-07-27 05:33:04,339 - DEBUG - Possible moves: [(2, 3, 5)]
2024-07-27 05:33:04,339 - DEBUG - Chosen Move: (2, 3, 5)
2024-07-27 05:33:04,339 - DEBUG - Tiles remaining: [6]
2024-07-27 05:33:04,339 - DEBUG - Rolled: 3 + 6 = 9
2024-07-27 05:33:04,339 - DEBUG - Possible moves: []
2024-07-27 05:33:04,339 - DEBUG - No possible moves. Game over!
2024-07-27 05:33:04,339 - DEBUG - AI's final score: 6
2024-07-27 05:33:04,339 - DEBUG - Game 7 ended with score: 6
2024-07-27 05:33:04,339 - DEBUG - Starting game 8
2024-07-27 05:33:04,339 - DEBUG - Tiles remaining: [1, 2, 3, 4, 5, 6, 7, 8, 9]
2024-07-27 05:33:04,339 - DEBUG - Rolled: 2 + 5 = 7
2024-07-27 05:33:04,339 - DEBUG - Possible moves: [(7,), (1, 6), (2, 5), (3, 4), (1, 2, 4)]
2024-07-27 05:33:04,339 - DEBUG - Chosen Move: (7,)
2024-07-27 05:33:04,339 - DEBUG - Tiles remaining: [1, 2, 3, 4, 5, 6, 8, 9]
2024-07-27 05:33:04,339 - DEBUG - Rolled: 3 + 5 = 8
2024-07-27 05:33:04,339 - DEBUG - Possible moves: [(8,), (2, 6), (3, 5), (1, 2, 5), (1, 3, 4)]
2024-07-27 05:33:04,339 - DEBUG - Chosen Move: (8,)
2024-07-27 05:33:04,339 - DEBUG - Tiles remaining: [1, 2, 3, 4, 5, 6, 9]
2024-07-27 05:33:04,339 - DEBUG - Rolled: 1 + 5 = 6
2024-07-27 05:33:04,339 - DEBUG - Possible moves: [(6,), (1, 5), (2, 4), (1, 2, 3)]
2024-07-27 05:33:04,339 - DEBUG - Chosen Move: (6,)
2024-07-27 05:33:04,339 - DEBUG - Tiles remaining: [1, 2, 3, 4, 5, 9]
2024-07-27 05:33:04,340 - DEBUG - Rolled: 1 + 6 = 7
2024-07-27 05:33:04,340 - DEBUG - Possible moves: [(2, 5), (3, 4), (1, 2, 4)]
2024-07-27 05:33:04,340 - DEBUG - Chosen Move: (2, 5)
2024-07-27 05:33:04,340 - DEBUG - Tiles remaining: [1, 3, 4, 9]
2024-07-27 05:33:04,340 - DEBUG - Rolled: 6 + 2 = 8
2024-07-27 05:33:04,340 - DEBUG - Possible moves: [(1, 3, 4)]
2024-07-27 05:33:04,340 - DEBUG - Chosen Move: (1, 3, 4)
2024-07-27 05:33:04,340 - DEBUG - Tiles remaining: [9]
2024-07-27 05:33:04,340 - DEBUG - Rolled: 6 + 4 = 10
2024-07-27 05:33:04,340 - DEBUG - Possible moves: []
2024-07-27 05:33:04,340 - DEBUG - No possible moves. Game over!
2024-07-27 05:33:04,340 - DEBUG - AI's final score: 9
2024-07-27 05:33:04,340 - DEBUG - Game 8 ended with score: 9
2024-07-27 05:33:04,340 - DEBUG - Starting game 9
2024-07-27 05:33:04,340 - DEBUG - Tiles remaining: [1, 2, 3, 4, 5, 6, 7, 8, 9]
2024-07-27 05:33:04,340 - DEBUG - Rolled: 2 + 6 = 8
2024-07-27 05:33:04,340 - DEBUG - Possible moves: [(8,), (1, 7), (2, 6), (3, 5), (1, 2, 5), (1, 3, 4)]
2024-07-27 05:33:04,340 - DEBUG - Chosen Move: (8,)
2024-07-27 05:33:04,340 - DEBUG - Tiles remaining: [1, 2, 3, 4, 5, 6, 7, 9]
2024-07-27 05:33:04,340 - DEBUG - Rolled: 4 + 4 = 8
2024-07-27 05:33:04,341 - DEBUG - Possible moves: [(1, 7), (2, 6), (3, 5), (1, 2, 5), (1, 3, 4)]
2024-07-27 05:33:04,341 - DEBUG - Chosen Move: (1, 7)
2024-07-27 05:33:04,341 - DEBUG - Tiles remaining: [2, 3, 4, 5, 6, 9]
2024-07-27 05:33:04,341 - DEBUG - Rolled: 1 + 2 = 3
2024-07-27 05:33:04,341 - DEBUG - Possible moves: [(3,)]
2024-07-27 05:33:04,341 - DEBUG - Chosen Move: (3,)
2024-07-27 05:33:04,341 - DEBUG - Tiles remaining: [2, 4, 5, 6, 9]
2024-07-27 05:33:04,341 - DEBUG - Rolled: 6 + 1 = 7
2024-07-27 05:33:04,341 - DEBUG - Possible moves: [(2, 5)]
2024-07-27 05:33:04,341 - DEBUG - Chosen Move: (2, 5)
2024-07-27 05:33:04,341 - DEBUG - Tiles remaining: [4, 6, 9]
2024-07-27 05:33:04,341 - DEBUG - Rolled: 3 + 1 = 4
2024-07-27 05:33:04,341 - DEBUG - Possible moves: [(4,)]
2024-07-27 05:33:04,341 - DEBUG - Chosen Move: (4,)
2024-07-27 05:33:04,341 - DEBUG - Tiles remaining: [6, 9]
2024-07-27 05:33:04,341 - DEBUG - Rolled: 3 + 2 = 5
2024-07-27 05:33:04,341 - DEBUG - Possible moves: []
2024-07-27 05:33:04,341 - DEBUG - No possible moves. Game over!
2024-07-27 05:33:04,341 - DEBUG - AI's final score: 15
2024-07-27 05:33:04,342 - DEBUG - Game 9 ended with score: 15
2024-07-27 05:33:04,342 - DEBUG - Starting game 10
2024-07-27 05:33:04,342 - DEBUG - Tiles remaining: [1, 2, 3, 4, 5, 6, 7, 8, 9]
2024-07-27 05:33:04,342 - DEBUG - Rolled: 3 + 4 = 7
2024-07-27 05:33:04,342 - DEBUG - Possible moves: [(7,), (1, 6), (2, 5), (3, 4), (1, 2, 4)]
2024-07-27 05:33:04,342 - DEBUG - Chosen Move: (7,)
2024-07-27 05:33:04,342 - DEBUG - Tiles remaining: [1, 2, 3, 4, 5, 6, 8, 9]
2024-07-27 05:33:04,342 - DEBUG - Rolled: 2 + 6 = 8
2024-07-27 05:33:04,342 - DEBUG - Possible moves: [(8,), (2, 6), (3, 5), (1, 2, 5), (1, 3, 4)]
2024-07-27 05:33:04,342 - DEBUG - Chosen Move: (8,)
2024-07-27 05:33:04,342 - DEBUG - Tiles remaining: [1, 2, 3, 4, 5, 6, 9]
2024-07-27 05:33:04,342 - DEBUG - Rolled: 4 + 2 = 6
2024-07-27 05:33:04,342 - DEBUG - Possible moves: [(6,), (1, 5), (2, 4), (1, 2, 3)]
2024-07-27 05:33:04,342 - DEBUG - Chosen Move: (6,)
2024-07-27 05:33:04,342 - DEBUG - Tiles remaining: [1, 2, 3, 4, 5, 9]
2024-07-27 05:33:04,342 - DEBUG - Rolled: 5 + 2 = 7
2024-07-27 05:33:04,342 - DEBUG - Possible moves: [(2, 5), (3, 4), (1, 2, 4)]
2024-07-27 05:33:04,342 - DEBUG - Chosen Move: (2, 5)
2024-07-27 05:33:04,342 - DEBUG - Tiles remaining: [1, 3, 4, 9]
2024-07-27 05:33:04,342 - DEBUG - Rolled: 2 + 4 = 6
2024-07-27 05:33:04,343 - DEBUG - Possible moves: []
2024-07-27 05:33:04,343 - DEBUG - No possible moves. Game over!
2024-07-27 05:33:04,343 - DEBUG - AI's final score: 17
2024-07-27 05:33:04,343 - DEBUG - Game 10 ended with score: 17
2024-07-27 05:33:04,343 - DEBUG - Results appended to ./results/stb_simple_ai_results_20240727-053304.csv
2024-07-27 05:33:04,352 - DEBUG - Results saved to ./results/stb_simple_ai_results_20240727-053304.json
2024-07-27 05:33:04,353 - DEBUG - ## ## Simulation ended for 10 games using strategy #Tiles of Least Probability ## ##
2024-07-27 05:33:04,353 - DEBUG - ## ## Simulation beginning for 10 games using strategy #4 ## ##
2024-07-27 05:33:04,353 - DEBUG - Starting game 1
2024-07-27 05:33:04,353 - DEBUG - Tiles remaining: [1, 2, 3, 4, 5, 6, 7, 8, 9]
2024-07-27 05:33:04,353 - DEBUG - Rolled: 4 + 2 = 6
2024-07-27 05:33:04,353 - DEBUG - Possible moves: [(6,), (1, 5), (2, 4), (1, 2, 3)]
2024-07-27 05:33:04,353 - DEBUG - Chosen Move: (1, 5)
2024-07-27 05:33:04,353 - DEBUG - Tiles remaining: [2, 3, 4, 6, 7, 8, 9]
2024-07-27 05:33:04,353 - DEBUG - Rolled: 4 + 4 = 8
2024-07-27 05:33:04,353 - DEBUG - Possible moves: [(8,), (2, 6)]
2024-07-27 05:33:04,353 - DEBUG - Chosen Move: (2, 6)
2024-07-27 05:33:04,353 - DEBUG - Tiles remaining: [3, 4, 7, 8, 9]
2024-07-27 05:33:04,353 - DEBUG - Rolled: 2 + 1 = 3
2024-07-27 05:33:04,353 - DEBUG - Possible moves: [(3,)]
2024-07-27 05:33:04,353 - DEBUG - Chosen Move: (3,)
2024-07-27 05:33:04,353 - DEBUG - Tiles remaining: [4, 7, 8, 9]
2024-07-27 05:33:04,353 - DEBUG - Rolled: 3 + 1 = 4
2024-07-27 05:33:04,353 - DEBUG - Possible moves: [(4,)]
2024-07-27 05:33:04,353 - DEBUG - Chosen Move: (4,)
2024-07-27 05:33:04,353 - DEBUG - Tiles remaining: [7, 8, 9]
2024-07-27 05:33:04,353 - DEBUG - Rolled: 6 + 2 = 8
2024-07-27 05:33:04,353 - DEBUG - Possible moves: [(8,)]
2024-07-27 05:33:04,353 - DEBUG - Chosen Move: (8,)
2024-07-27 05:33:04,353 - DEBUG - Tiles remaining: [7, 9]
2024-07-27 05:33:04,353 - DEBUG - Rolled: 2 + 6 = 8
2024-07-27 05:33:04,353 - DEBUG - Possible moves: []
2024-07-27 05:33:04,353 - DEBUG - No possible moves. Game over!
2024-07-27 05:33:04,353 - DEBUG - AI's final score: 16
2024-07-27 05:33:04,353 - DEBUG - Game 1 ended with score: 16
2024-07-27 05:33:04,353 - DEBUG - Starting game 2
2024-07-27 05:33:04,353 - DEBUG - Tiles remaining: [1, 2, 3, 4, 5, 6, 7, 8, 9]
2024-07-27 05:33:04,353 - DEBUG - Rolled: 1 + 4 = 5
2024-07-27 05:33:04,353 - DEBUG - Possible moves: [(5,), (1, 4), (2, 3)]
2024-07-27 05:33:04,354 - DEBUG - Chosen Move: (5,)
2024-07-27 05:33:04,354 - DEBUG - Tiles remaining: [1, 2, 3, 4, 6, 7, 8, 9]
2024-07-27 05:33:04,354 - DEBUG - Rolled: 2 + 6 = 8
2024-07-27 05:33:04,354 - DEBUG - Possible moves: [(8,), (1, 7), (2, 6), (1, 3, 4)]
2024-07-27 05:33:04,354 - DEBUG - Chosen Move: (2, 6)
2024-07-27 05:33:04,354 - DEBUG - Tiles remaining: [1, 3, 4, 7, 8, 9]
2024-07-27 05:33:04,354 - DEBUG - Rolled: 2 + 1 = 3
2024-07-27 05:33:04,354 - DEBUG - Possible moves: [(3,)]
2024-07-27 05:33:04,354 - DEBUG - Chosen Move: (3,)
2024-07-27 05:33:04,354 - DEBUG - Tiles remaining: [1, 4, 7, 8, 9]
2024-07-27 05:33:04,354 - DEBUG - Rolled: 1 + 2 = 3
2024-07-27 05:33:04,354 - DEBUG - Possible moves: []
2024-07-27 05:33:04,354 - DEBUG - No possible moves. Game over!
2024-07-27 05:33:04,354 - DEBUG - AI's final score: 29
2024-07-27 05:33:04,354 - DEBUG - Game 2 ended with score: 29
2024-07-27 05:33:04,354 - DEBUG - Starting game 3
2024-07-27 05:33:04,354 - DEBUG - Tiles remaining: [1, 2, 3, 4, 5, 6, 7, 8, 9]
2024-07-27 05:33:04,354 - DEBUG - Rolled: 2 + 1 = 3
2024-07-27 05:33:04,354 - DEBUG - Possible moves: [(3,), (1, 2)]
2024-07-27 05:33:04,354 - DEBUG - Chosen Move: (3,)
2024-07-27 05:33:04,354 - DEBUG - Tiles remaining: [1, 2, 4, 5, 6, 7, 8, 9]
2024-07-27 05:33:04,354 - DEBUG - Rolled: 6 + 2 = 8
2024-07-27 05:33:04,354 - DEBUG - Possible moves: [(8,), (1, 7), (2, 6), (1, 2, 5)]
2024-07-27 05:33:04,354 - DEBUG - Chosen Move: (1, 2, 5)
2024-07-27 05:33:04,354 - DEBUG - Tiles remaining: [4, 6, 7, 8, 9]
2024-07-27 05:33:04,354 - DEBUG - Rolled: 3 + 2 = 5
2024-07-27 05:33:04,354 - DEBUG - Possible moves: []
2024-07-27 05:33:04,354 - DEBUG - No possible moves. Game over!
2024-07-27 05:33:04,354 - DEBUG - AI's final score: 34
2024-07-27 05:33:04,354 - DEBUG - Game 3 ended with score: 34
2024-07-27 05:33:04,354 - DEBUG - Starting game 4
2024-07-27 05:33:04,354 - DEBUG - Tiles remaining: [1, 2, 3, 4, 5, 6, 7, 8, 9]
2024-07-27 05:33:04,354 - DEBUG - Rolled: 4 + 1 = 5
2024-07-27 05:33:04,355 - DEBUG - Possible moves: [(5,), (1, 4), (2, 3)]
2024-07-27 05:33:04,355 - DEBUG - Chosen Move: (5,)
2024-07-27 05:33:04,355 - DEBUG - Tiles remaining: [1, 2, 3, 4, 6, 7, 8, 9]
2024-07-27 05:33:04,355 - DEBUG - Rolled: 4 + 5 = 9
2024-07-27 05:33:04,355 - DEBUG - Possible moves: [(9,), (1, 8), (2, 7), (3, 6), (1, 2, 6), (2, 3, 4)]
2024-07-27 05:33:04,355 - DEBUG - Chosen Move: (3, 6)
2024-07-27 05:33:04,355 - DEBUG - Tiles remaining: [1, 2, 4, 7, 8, 9]
2024-07-27 05:33:04,355 - DEBUG - Rolled: 4 + 1 = 5
2024-07-27 05:33:04,355 - DEBUG - Possible moves: [(1, 4)]
2024-07-27 05:33:04,355 - DEBUG - Chosen Move: (1, 4)
2024-07-27 05:33:04,355 - DEBUG - Tiles remaining: [2, 7, 8, 9]
2024-07-27 05:33:04,355 - DEBUG - Rolled: 3 + 4 = 7
2024-07-27 05:33:04,355 - DEBUG - Possible moves: [(7,)]
2024-07-27 05:33:04,355 - DEBUG - Chosen Move: (7,)
2024-07-27 05:33:04,355 - DEBUG - Tiles remaining: [2, 8, 9]
2024-07-27 05:33:04,355 - DEBUG - Rolled: 2 + 3 = 5
2024-07-27 05:33:04,355 - DEBUG - Possible moves: []
2024-07-27 05:33:04,355 - DEBUG - No possible moves. Game over!
2024-07-27 05:33:04,355 - DEBUG - AI's final score: 19
2024-07-27 05:33:04,355 - DEBUG - Game 4 ended with score: 19
2024-07-27 05:33:04,355 - DEBUG - Starting game 5
2024-07-27 05:33:04,355 - DEBUG - Tiles remaining: [1, 2, 3, 4, 5, 6, 7, 8, 9]
2024-07-27 05:33:04,355 - DEBUG - Rolled: 6 + 4 = 10
2024-07-27 05:33:04,355 - DEBUG - Possible moves: [(1, 9), (2, 8), (3, 7), (4, 6), (1, 2, 7), (1, 3, 6), (1, 4, 5), (2, 3, 5), (1, 2, 3, 4)]
2024-07-27 05:33:04,355 - DEBUG - Chosen Move: (1, 4, 5)
2024-07-27 05:33:04,355 - DEBUG - Tiles remaining: [2, 3, 6, 7, 8, 9]
2024-07-27 05:33:04,355 - DEBUG - Rolled: 6 + 3 = 9
2024-07-27 05:33:04,355 - DEBUG - Possible moves: [(9,), (2, 7), (3, 6)]
2024-07-27 05:33:04,355 - DEBUG - Chosen Move: (3, 6)
2024-07-27 05:33:04,355 - DEBUG - Tiles remaining: [2, 7, 8, 9]
2024-07-27 05:33:04,355 - DEBUG - Rolled: 5 + 4 = 9
2024-07-27 05:33:04,355 - DEBUG - Possible moves: [(9,), (2, 7)]
2024-07-27 05:33:04,355 - DEBUG - Chosen Move: (2, 7)
2024-07-27 05:33:04,355 - DEBUG - Tiles remaining: [8, 9]
2024-07-27 05:33:04,355 - DEBUG - Rolled: 3 + 5 = 8
2024-07-27 05:33:04,355 - DEBUG - Possible moves: [(8,)]
2024-07-27 05:33:04,356 - DEBUG - Chosen Move: (8,)
2024-07-27 05:33:04,356 - DEBUG - Tiles remaining: [9]
2024-07-27 05:33:04,356 - DEBUG - Rolled: 5 + 4 = 9
2024-07-27 05:33:04,356 - DEBUG - Possible moves: [(9,)]
2024-07-27 05:33:04,356 - DEBUG - Chosen Move: (9,)
2024-07-27 05:33:04,356 - DEBUG - Congratulations! The box has been shut!
2024-07-27 05:33:04,356 - DEBUG - AI's final score: 0
2024-07-27 05:33:04,356 - DEBUG - Game 5 ended with score: 0
2024-07-27 05:33:04,356 - DEBUG - Starting game 6
2024-07-27 05:33:04,356 - DEBUG - Tiles remaining: [1, 2, 3, 4, 5, 6, 7, 8, 9]
2024-07-27 05:33:04,356 - DEBUG - Rolled: 1 + 3 = 4
2024-07-27 05:33:04,356 - DEBUG - Possible moves: [(4,), (1, 3)]
2024-07-27 05:33:04,356 - DEBUG - Chosen Move: (4,)
2024-07-27 05:33:04,356 - DEBUG - Tiles remaining: [1, 2, 3, 5, 6, 7, 8, 9]
2024-07-27 05:33:04,356 - DEBUG - Rolled: 3 + 2 = 5
2024-07-27 05:33:04,356 - DEBUG - Possible moves: [(5,), (2, 3)]
2024-07-27 05:33:04,356 - DEBUG - Chosen Move: (5,)
2024-07-27 05:33:04,356 - DEBUG - Tiles remaining: [1, 2, 3, 6, 7, 8, 9]
2024-07-27 05:33:04,356 - DEBUG - Rolled: 5 + 3 = 8
2024-07-27 05:33:04,357 - DEBUG - Possible moves: [(8,), (1, 7), (2, 6)]
2024-07-27 05:33:04,357 - DEBUG - Chosen Move: (2, 6)
2024-07-27 05:33:04,357 - DEBUG - Tiles remaining: [1, 3, 7, 8, 9]
2024-07-27 05:33:04,357 - DEBUG - Rolled: 1 + 4 = 5
2024-07-27 05:33:04,357 - DEBUG - Possible moves: []
2024-07-27 05:33:04,357 - DEBUG - No possible moves. Game over!
2024-07-27 05:33:04,357 - DEBUG - AI's final score: 28
2024-07-27 05:33:04,357 - DEBUG - Game 6 ended with score: 28
2024-07-27 05:33:04,357 - DEBUG - Starting game 7
2024-07-27 05:33:04,357 - DEBUG - Tiles remaining: [1, 2, 3, 4, 5, 6, 7, 8, 9]
2024-07-27 05:33:04,357 - DEBUG - Rolled: 2 + 5 = 7
2024-07-27 05:33:04,357 - DEBUG - Possible moves: [(7,), (1, 6), (2, 5), (3, 4), (1, 2, 4)]
2024-07-27 05:33:04,357 - DEBUG - Chosen Move: (2, 5)
2024-07-27 05:33:04,357 - DEBUG - Tiles remaining: [1, 3, 4, 6, 7, 8, 9]
2024-07-27 05:33:04,357 - DEBUG - Rolled: 1 + 1 = 2
2024-07-27 05:33:04,357 - DEBUG - Possible moves: []
2024-07-27 05:33:04,357 - DEBUG - No possible moves. Game over!
2024-07-27 05:33:04,357 - DEBUG - AI's final score: 38
2024-07-27 05:33:04,357 - DEBUG - Game 7 ended with score: 38
2024-07-27 05:33:04,357 - DEBUG - Starting game 8
2024-07-27 05:33:04,357 - DEBUG - Tiles remaining: [1, 2, 3, 4, 5, 6, 7, 8, 9]
2024-07-27 05:33:04,357 - DEBUG - Rolled: 5 + 1 = 6
2024-07-27 05:33:04,357 - DEBUG - Possible moves: [(6,), (1, 5), (2, 4), (1, 2, 3)]
2024-07-27 05:33:04,357 - DEBUG - Chosen Move: (1, 5)
2024-07-27 05:33:04,357 - DEBUG - Tiles remaining: [2, 3, 4, 6, 7, 8, 9]
2024-07-27 05:33:04,357 - DEBUG - Rolled: 6 + 1 = 7
2024-07-27 05:33:04,357 - DEBUG - Possible moves: [(7,), (3, 4)]
2024-07-27 05:33:04,357 - DEBUG - Chosen Move: (3, 4)
2024-07-27 05:33:04,357 - DEBUG - Tiles remaining: [2, 6, 7, 8, 9]
2024-07-27 05:33:04,357 - DEBUG - Rolled: 6 + 1 = 7
2024-07-27 05:33:04,357 - DEBUG - Possible moves: [(7,)]
2024-07-27 05:33:04,357 - DEBUG - Chosen Move: (7,)
2024-07-27 05:33:04,357 - DEBUG - Tiles remaining: [2, 6, 8, 9]
2024-07-27 05:33:04,357 - DEBUG - Rolled: 2 + 1 = 3
2024-07-27 05:33:04,358 - DEBUG - Possible moves: []
2024-07-27 05:33:04,358 - DEBUG - No possible moves. Game over!
2024-07-27 05:33:04,358 - DEBUG - AI's final score: 25
2024-07-27 05:33:04,358 - DEBUG - Game 8 ended with score: 25
2024-07-27 05:33:04,358 - DEBUG - Starting game 9
2024-07-27 05:33:04,358 - DEBUG - Tiles remaining: [1, 2, 3, 4, 5, 6, 7, 8, 9]
2024-07-27 05:33:04,358 - DEBUG - Rolled: 3 + 6 = 9
2024-07-27 05:33:04,358 - DEBUG - Possible moves: [(9,), (1, 8), (2, 7), (3, 6), (4, 5), (1, 2, 6), (1, 3, 5), (2, 3, 4)]
2024-07-27 05:33:04,358 - DEBUG - Chosen Move: (4, 5)
2024-07-27 05:33:04,358 - DEBUG - Tiles remaining: [1, 2, 3, 6, 7, 8, 9]
2024-07-27 05:33:04,358 - DEBUG - Rolled: 1 + 6 = 7
2024-07-27 05:33:04,358 - DEBUG - Possible moves: [(7,), (1, 6)]
2024-07-27 05:33:04,358 - DEBUG - Chosen Move: (1, 6)
2024-07-27 05:33:04,358 - DEBUG - Tiles remaining: [2, 3, 7, 8, 9]
2024-07-27 05:33:04,358 - DEBUG - Rolled: 5 + 4 = 9
2024-07-27 05:33:04,358 - DEBUG - Possible moves: [(9,), (2, 7)]
2024-07-27 05:33:04,358 - DEBUG - Chosen Move: (2, 7)
2024-07-27 05:33:04,358 - DEBUG - Tiles remaining: [3, 8, 9]
2024-07-27 05:33:04,358 - DEBUG - Rolled: 4 + 6 = 10
2024-07-27 05:33:04,358 - DEBUG - Possible moves: []
2024-07-27 05:33:04,358 - DEBUG - No possible moves. Game over!
2024-07-27 05:33:04,358 - DEBUG - AI's final score: 20
2024-07-27 05:33:04,358 - DEBUG - Game 9 ended with score: 20
2024-07-27 05:33:04,358 - DEBUG - Starting game 10
2024-07-27 05:33:04,358 - DEBUG - Tiles remaining: [1, 2, 3, 4, 5, 6, 7, 8, 9]
2024-07-27 05:33:04,359 - DEBUG - Rolled: 5 + 3 = 8
2024-07-27 05:33:04,359 - DEBUG - Possible moves: [(8,), (1, 7), (2, 6), (3, 5), (1, 2, 5), (1, 3, 4)]
2024-07-27 05:33:04,359 - DEBUG - Chosen Move: (3, 5)
2024-07-27 05:33:04,359 - DEBUG - Tiles remaining: [1, 2, 4, 6, 7, 8, 9]
2024-07-27 05:33:04,359 - DEBUG - Rolled: 1 + 5 = 6
2024-07-27 05:33:04,359 - DEBUG - Possible moves: [(6,), (2, 4)]
2024-07-27 05:33:04,359 - DEBUG - Chosen Move: (6,)
2024-07-27 05:33:04,359 - DEBUG - Tiles remaining: [1, 2, 4, 7, 8, 9]
2024-07-27 05:33:04,359 - DEBUG - Rolled: 4 + 4 = 8
2024-07-27 05:33:04,359 - DEBUG - Possible moves: [(8,), (1, 7)]
2024-07-27 05:33:04,359 - DEBUG - Chosen Move: (1, 7)
2024-07-27 05:33:04,359 - DEBUG - Tiles remaining: [2, 4, 8, 9]
2024-07-27 05:33:04,359 - DEBUG - Rolled: 4 + 1 = 5
2024-07-27 05:33:04,359 - DEBUG - Possible moves: []
2024-07-27 05:33:04,359 - DEBUG - No possible moves. Game over!
2024-07-27 05:33:04,359 - DEBUG - AI's final score: 23
2024-07-27 05:33:04,359 - DEBUG - Game 10 ended with score: 23
2024-07-27 05:33:04,360 - DEBUG - Results appended to ./results/stb_simple_ai_results_20240727-053304.csv
2024-07-27 05:33:04,372 - DEBUG - Results saved to ./results/stb_simple_ai_results_20240727-053304.json
2024-07-27 05:33:04,373 - DEBUG - ## ## Simulation ended for 10 games using strategy #Inside Out ## ##
2024-07-27 05:33:04,373 - DEBUG - ## ## Simulation beginning for 10 games using strategy #5 ## ##
2024-07-27 05:33:04,373 - DEBUG - Starting game 1
2024-07-27 05:33:04,373 - DEBUG - Tiles remaining: [1, 2, 3, 4, 5, 6, 7, 8, 9]
2024-07-27 05:33:04,373 - DEBUG - Rolled: 5 + 3 = 8
2024-07-27 05:33:04,373 - DEBUG - Possible moves: [(8,), (1, 7), (2, 6), (3, 5), (1, 2, 5), (1, 3, 4)]
2024-07-27 05:33:04,373 - DEBUG - Chosen Move: (8,)
2024-07-27 05:33:04,373 - DEBUG - Tiles remaining: [1, 2, 3, 4, 5, 6, 7, 9]
2024-07-27 05:33:04,373 - DEBUG - Rolled: 5 + 2 = 7
2024-07-27 05:33:04,374 - DEBUG - Possible moves: [(7,), (1, 6), (2, 5), (3, 4), (1, 2, 4)]
2024-07-27 05:33:04,374 - DEBUG - Chosen Move: (7,)
2024-07-27 05:33:04,374 - DEBUG - Tiles remaining: [1, 2, 3, 4, 5, 6, 9]
2024-07-27 05:33:04,374 - DEBUG - Rolled: 2 + 2 = 4
2024-07-27 05:33:04,374 - DEBUG - Possible moves: [(4,), (1, 3)]
2024-07-27 05:33:04,374 - DEBUG - Chosen Move: (1, 3)
2024-07-27 05:33:04,374 - DEBUG - Tiles remaining: [2, 4, 5, 6, 9]
2024-07-27 05:33:04,374 - DEBUG - Rolled: 2 + 5 = 7
2024-07-27 05:33:04,374 - DEBUG - Possible moves: [(2, 5)]
2024-07-27 05:33:04,374 - DEBUG - Chosen Move: (2, 5)
2024-07-27 05:33:04,374 - DEBUG - Tiles remaining: [4, 6, 9]
2024-07-27 05:33:04,374 - DEBUG - Rolled: 6 + 4 = 10
2024-07-27 05:33:04,374 - DEBUG - Possible moves: [(4, 6)]
2024-07-27 05:33:04,374 - DEBUG - Chosen Move: (4, 6)
2024-07-27 05:33:04,374 - DEBUG - Tiles remaining: [9]
2024-07-27 05:33:04,374 - DEBUG - Rolled: 5 + 6 = 11
2024-07-27 05:33:04,374 - DEBUG - Possible moves: []
2024-07-27 05:33:04,374 - DEBUG - No possible moves. Game over!
2024-07-27 05:33:04,374 - DEBUG - AI's final score: 9
2024-07-27 05:33:04,374 - DEBUG - Game 1 ended with score: 9
2024-07-27 05:33:04,374 - DEBUG - Starting game 2
2024-07-27 05:33:04,374 - DEBUG - Tiles remaining: [1, 2, 3, 4, 5, 6, 7, 8, 9]
2024-07-27 05:33:04,375 - DEBUG - Rolled: 3 + 4 = 7
2024-07-27 05:33:04,375 - DEBUG - Possible moves: [(7,), (1, 6), (2, 5), (3, 4), (1, 2, 4)]
2024-07-27 05:33:04,375 - DEBUG - Chosen Move: (7,)
2024-07-27 05:33:04,375 - DEBUG - Tiles remaining: [1, 2, 3, 4, 5, 6, 8, 9]
2024-07-27 05:33:04,375 - DEBUG - Rolled: 6 + 3 = 9
2024-07-27 05:33:04,375 - DEBUG - Possible moves: [(9,), (1, 8), (3, 6), (4, 5), (1, 2, 6), (1, 3, 5), (2, 3, 4)]
2024-07-27 05:33:04,375 - DEBUG - Chosen Move: (9,)
2024-07-27 05:33:04,375 - DEBUG - Tiles remaining: [1, 2, 3, 4, 5, 6, 8]
2024-07-27 05:33:04,375 - DEBUG - Rolled: 2 + 2 = 4
2024-07-27 05:33:04,375 - DEBUG - Possible moves: [(4,), (1, 3)]
2024-07-27 05:33:04,375 - DEBUG - Chosen Move: (1, 3)
2024-07-27 05:33:04,375 - DEBUG - Tiles remaining: [2, 4, 5, 6, 8]
2024-07-27 05:33:04,375 - DEBUG - Rolled: 1 + 4 = 5
2024-07-27 05:33:04,375 - DEBUG - Possible moves: [(5,)]
2024-07-27 05:33:04,375 - DEBUG - Chosen Move: (5,)
2024-07-27 05:33:04,375 - DEBUG - Tiles remaining: [2, 4, 6, 8]
2024-07-27 05:33:04,375 - DEBUG - Rolled: 3 + 4 = 7
2024-07-27 05:33:04,376 - DEBUG - Possible moves: []
2024-07-27 05:33:04,376 - DEBUG - No possible moves. Game over!
2024-07-27 05:33:04,376 - DEBUG - AI's final score: 20
2024-07-27 05:33:04,376 - DEBUG - Game 2 ended with score: 20
2024-07-27 05:33:04,376 - DEBUG - Starting game 3
2024-07-27 05:33:04,376 - DEBUG - Tiles remaining: [1, 2, 3, 4, 5, 6, 7, 8, 9]
2024-07-27 05:33:04,376 - DEBUG - Rolled: 3 + 3 = 6
2024-07-27 05:33:04,376 - DEBUG - Possible moves: [(6,), (1, 5), (2, 4), (1, 2, 3)]
2024-07-27 05:33:04,376 - DEBUG - Chosen Move: (1, 2, 3)
2024-07-27 05:33:04,376 - DEBUG - Tiles remaining: [4, 5, 6, 7, 8, 9]
2024-07-27 05:33:04,376 - DEBUG - Rolled: 3 + 3 = 6
2024-07-27 05:33:04,376 - DEBUG - Possible moves: [(6,)]
2024-07-27 05:33:04,376 - DEBUG - Chosen Move: (6,)
2024-07-27 05:33:04,376 - DEBUG - Tiles remaining: [4, 5, 7, 8, 9]
2024-07-27 05:33:04,376 - DEBUG - Rolled: 4 + 4 = 8
2024-07-27 05:33:04,376 - DEBUG - Possible moves: [(8,)]
2024-07-27 05:33:04,376 - DEBUG - Chosen Move: (8,)
2024-07-27 05:33:04,376 - DEBUG - Tiles remaining: [4, 5, 7, 9]
2024-07-27 05:33:04,376 - DEBUG - Rolled: 1 + 3 = 4
2024-07-27 05:33:04,376 - DEBUG - Possible moves: [(4,)]
2024-07-27 05:33:04,377 - DEBUG - Chosen Move: (4,)
2024-07-27 05:33:04,377 - DEBUG - Tiles remaining: [5, 7, 9]
2024-07-27 05:33:04,377 - DEBUG - Rolled: 2 + 5 = 7
2024-07-27 05:33:04,377 - DEBUG - Possible moves: [(7,)]
2024-07-27 05:33:04,377 - DEBUG - Chosen Move: (7,)
2024-07-27 05:33:04,377 - DEBUG - Tiles remaining: [5, 9]
2024-07-27 05:33:04,377 - DEBUG - Rolled: 4 + 3 = 7
2024-07-27 05:33:04,377 - DEBUG - Possible moves: []
2024-07-27 05:33:04,377 - DEBUG - No possible moves. Game over!
2024-07-27 05:33:04,377 - DEBUG - AI's final score: 14
2024-07-27 05:33:04,377 - DEBUG - Game 3 ended with score: 14
2024-07-27 05:33:04,377 - DEBUG - Starting game 4
2024-07-27 05:33:04,377 - DEBUG - Tiles remaining: [1, 2, 3, 4, 5, 6, 7, 8, 9]
2024-07-27 05:33:04,377 - DEBUG - Rolled: 6 + 5 = 11
2024-07-27 05:33:04,377 - DEBUG - Possible moves: [(2, 9), (3, 8), (4, 7), (5, 6), (1, 2, 8), (1, 3, 7), (1, 4, 6), (2, 3, 6), (2, 4, 5), (1, 2, 3, 5)]
2024-07-27 05:33:04,377 - DEBUG - Chosen Move: (2, 9)
2024-07-27 05:33:04,377 - DEBUG - Tiles remaining: [1, 3, 4, 5, 6, 7, 8]
2024-07-27 05:33:04,377 - DEBUG - Rolled: 6 + 4 = 10
2024-07-27 05:33:04,377 - DEBUG - Possible moves: [(3, 7), (4, 6), (1, 3, 6), (1, 4, 5)]
2024-07-27 05:33:04,377 - DEBUG - Chosen Move: (3, 7)
2024-07-27 05:33:04,378 - DEBUG - Tiles remaining: [1, 4, 5, 6, 8]
2024-07-27 05:33:04,378 - DEBUG - Rolled: 6 + 1 = 7
2024-07-27 05:33:04,378 - DEBUG - Possible moves: [(1, 6)]
2024-07-27 05:33:04,378 - DEBUG - Chosen Move: (1, 6)
2024-07-27 05:33:04,378 - DEBUG - Tiles remaining: [4, 5, 8]
2024-07-27 05:33:04,378 - DEBUG - Rolled: 4 + 4 = 8
2024-07-27 05:33:04,378 - DEBUG - Possible moves: [(8,)]
2024-07-27 05:33:04,378 - DEBUG - Chosen Move: (8,)
2024-07-27 05:33:04,378 - DEBUG - Tiles remaining: [4, 5]
2024-07-27 05:33:04,378 - DEBUG - Rolled: 3 + 1 = 4
2024-07-27 05:33:04,378 - DEBUG - Possible moves: [(4,)]
2024-07-27 05:33:04,378 - DEBUG - Chosen Move: (4,)
2024-07-27 05:33:04,378 - DEBUG - Tiles remaining: [5]
2024-07-27 05:33:04,378 - DEBUG - Rolled: 3 + 6 = 9
2024-07-27 05:33:04,378 - DEBUG - Possible moves: []
2024-07-27 05:33:04,378 - DEBUG - No possible moves. Game over!
2024-07-27 05:33:04,378 - DEBUG - AI's final score: 5
2024-07-27 05:33:04,378 - DEBUG - Game 4 ended with score: 5
2024-07-27 05:33:04,378 - DEBUG - Starting game 5
2024-07-27 05:33:04,378 - DEBUG - Tiles remaining: [1, 2, 3, 4, 5, 6, 7, 8, 9]
2024-07-27 05:33:04,378 - DEBUG - Rolled: 1 + 4 = 5
2024-07-27 05:33:04,379 - DEBUG - Possible moves: [(5,), (1, 4), (2, 3)]
2024-07-27 05:33:04,379 - DEBUG - Chosen Move: (2, 3)
2024-07-27 05:33:04,379 - DEBUG - Tiles remaining: [1, 4, 5, 6, 7, 8, 9]
2024-07-27 05:33:04,379 - DEBUG - Rolled: 6 + 2 = 8
2024-07-27 05:33:04,379 - DEBUG - Possible moves: [(8,), (1, 7)]
2024-07-27 05:33:04,379 - DEBUG - Chosen Move: (8,)
2024-07-27 05:33:04,379 - DEBUG - Tiles remaining: [1, 4, 5, 6, 7, 9]
2024-07-27 05:33:04,379 - DEBUG - Rolled: 2 + 6 = 8
2024-07-27 05:33:04,379 - DEBUG - Possible moves: [(1, 7)]
2024-07-27 05:33:04,379 - DEBUG - Chosen Move: (1, 7)
2024-07-27 05:33:04,379 - DEBUG - Tiles remaining: [4, 5, 6, 9]
2024-07-27 05:33:04,379 - DEBUG - Rolled: 3 + 6 = 9
2024-07-27 05:33:04,379 - DEBUG - Possible moves: [(9,), (4, 5)]
2024-07-27 05:33:04,379 - DEBUG - Chosen Move: (9,)
2024-07-27 05:33:04,379 - DEBUG - Tiles remaining: [4, 5, 6]
2024-07-27 05:33:04,379 - DEBUG - Rolled: 6 + 1 = 7
2024-07-27 05:33:04,380 - DEBUG - Possible moves: []
2024-07-27 05:33:04,380 - DEBUG - No possible moves. Game over!
2024-07-27 05:33:04,380 - DEBUG - AI's final score: 15
2024-07-27 05:33:04,380 - DEBUG - Game 5 ended with score: 15
2024-07-27 05:33:04,380 - DEBUG - Starting game 6
2024-07-27 05:33:04,380 - DEBUG - Tiles remaining: [1, 2, 3, 4, 5, 6, 7, 8, 9]
2024-07-27 05:33:04,380 - DEBUG - Rolled: 2 + 5 = 7
2024-07-27 05:33:04,380 - DEBUG - Possible moves: [(7,), (1, 6), (2, 5), (3, 4), (1, 2, 4)]
2024-07-27 05:33:04,380 - DEBUG - Chosen Move: (7,)
2024-07-27 05:33:04,380 - DEBUG - Tiles remaining: [1, 2, 3, 4, 5, 6, 8, 9]
2024-07-27 05:33:04,380 - DEBUG - Rolled: 2 + 6 = 8
2024-07-27 05:33:04,380 - DEBUG - Possible moves: [(8,), (2, 6), (3, 5), (1, 2, 5), (1, 3, 4)]
2024-07-27 05:33:04,380 - DEBUG - Chosen Move: (8,)
2024-07-27 05:33:04,380 - DEBUG - Tiles remaining: [1, 2, 3, 4, 5, 6, 9]
2024-07-27 05:33:04,380 - DEBUG - Rolled: 6 + 2 = 8
2024-07-27 05:33:04,380 - DEBUG - Possible moves: [(2, 6), (3, 5), (1, 2, 5), (1, 3, 4)]
2024-07-27 05:33:04,380 - DEBUG - Chosen Move: (2, 6)
2024-07-27 05:33:04,380 - DEBUG - Tiles remaining: [1, 3, 4, 5, 9]
2024-07-27 05:33:04,380 - DEBUG - Rolled: 1 + 6 = 7
2024-07-27 05:33:04,380 - DEBUG - Possible moves: [(3, 4)]
2024-07-27 05:33:04,381 - DEBUG - Chosen Move: (3, 4)
2024-07-27 05:33:04,381 - DEBUG - Tiles remaining: [1, 5, 9]
2024-07-27 05:33:04,381 - DEBUG - Rolled: 5 + 4 = 9
2024-07-27 05:33:04,381 - DEBUG - Possible moves: [(9,)]
2024-07-27 05:33:04,381 - DEBUG - Chosen Move: (9,)
2024-07-27 05:33:04,381 - DEBUG - Tiles remaining: [1, 5]
2024-07-27 05:33:04,381 - DEBUG - Rolled: 4 + 2 = 6
2024-07-27 05:33:04,381 - DEBUG - Possible moves: [(1, 5)]
2024-07-27 05:33:04,381 - DEBUG - Chosen Move: (1, 5)
2024-07-27 05:33:04,381 - DEBUG - Congratulations! The box has been shut!
2024-07-27 05:33:04,381 - DEBUG - AI's final score: 0
2024-07-27 05:33:04,381 - DEBUG - Game 6 ended with score: 0
2024-07-27 05:33:04,381 - DEBUG - Starting game 7
2024-07-27 05:33:04,381 - DEBUG - Tiles remaining: [1, 2, 3, 4, 5, 6, 7, 8, 9]
2024-07-27 05:33:04,381 - DEBUG - Rolled: 6 + 4 = 10
2024-07-27 05:33:04,381 - DEBUG - Possible moves: [(1, 9), (2, 8), (3, 7), (4, 6), (1, 2, 7), (1, 3, 6), (1, 4, 5), (2, 3, 5), (1, 2, 3, 4)]
2024-07-27 05:33:04,381 - DEBUG - Chosen Move: (1, 9)
2024-07-27 05:33:04,381 - DEBUG - Tiles remaining: [2, 3, 4, 5, 6, 7, 8]
2024-07-27 05:33:04,381 - DEBUG - Rolled: 6 + 6 = 12
2024-07-27 05:33:04,381 - DEBUG - Possible moves: [(4, 8), (5, 7), (2, 3, 7), (2, 4, 6), (3, 4, 5)]
2024-07-27 05:33:04,381 - DEBUG - Chosen Move: (2, 3, 7)
2024-07-27 05:33:04,381 - DEBUG - Tiles remaining: [4, 5, 6, 8]
2024-07-27 05:33:04,381 - DEBUG - Rolled: 2 + 2 = 4
2024-07-27 05:33:04,381 - DEBUG - Possible moves: [(4,)]
2024-07-27 05:33:04,381 - DEBUG - Chosen Move: (4,)
2024-07-27 05:33:04,381 - DEBUG - Tiles remaining: [5, 6, 8]
2024-07-27 05:33:04,381 - DEBUG - Rolled: 3 + 1 = 4
2024-07-27 05:33:04,381 - DEBUG - Possible moves: []
2024-07-27 05:33:04,381 - DEBUG - No possible moves. Game over!
2024-07-27 05:33:04,381 - DEBUG - AI's final score: 19
2024-07-27 05:33:04,381 - DEBUG - Game 7 ended with score: 19
2024-07-27 05:33:04,381 - DEBUG - Starting game 8
2024-07-27 05:33:04,381 - DEBUG - Tiles remaining: [1, 2, 3, 4, 5, 6, 7, 8, 9]
2024-07-27 05:33:04,381 - DEBUG - Rolled: 5 + 5 = 10
2024-07-27 05:33:04,382 - DEBUG - Possible moves: [(1, 9), (2, 8), (3, 7), (4, 6), (1, 2, 7), (1, 3, 6), (1, 4, 5), (2, 3, 5), (1, 2, 3, 4)]
2024-07-27 05:33:04,382 - DEBUG - Chosen Move: (1, 9)
2024-07-27 05:33:04,382 - DEBUG - Tiles remaining: [2, 3, 4, 5, 6, 7, 8]
2024-07-27 05:33:04,382 - DEBUG - Rolled: 4 + 1 = 5
2024-07-27 05:33:04,382 - DEBUG - Possible moves: [(5,), (2, 3)]
2024-07-27 05:33:04,382 - DEBUG - Chosen Move: (2, 3)
2024-07-27 05:33:04,382 - DEBUG - Tiles remaining: [4, 5, 6, 7, 8]
2024-07-27 05:33:04,382 - DEBUG - Rolled: 6 + 5 = 11
2024-07-27 05:33:04,382 - DEBUG - Possible moves: [(4, 7), (5, 6)]
2024-07-27 05:33:04,382 - DEBUG - Chosen Move: (4, 7)
2024-07-27 05:33:04,382 - DEBUG - Tiles remaining: [5, 6, 8]
2024-07-27 05:33:04,382 - DEBUG - Rolled: 6 + 2 = 8
2024-07-27 05:33:04,382 - DEBUG - Possible moves: [(8,)]
2024-07-27 05:33:04,382 - DEBUG - Chosen Move: (8,)
2024-07-27 05:33:04,382 - DEBUG - Tiles remaining: [5, 6]
2024-07-27 05:33:04,382 - DEBUG - Rolled: 6 + 5 = 11
2024-07-27 05:33:04,382 - DEBUG - Possible moves: [(5, 6)]
2024-07-27 05:33:04,382 - DEBUG - Chosen Move: (5, 6)
2024-07-27 05:33:04,382 - DEBUG - Congratulations! The box has been shut!
2024-07-27 05:33:04,382 - DEBUG - AI's final score: 0
2024-07-27 05:33:04,382 - DEBUG - Game 8 ended with score: 0
2024-07-27 05:33:04,382 - DEBUG - Starting game 9
2024-07-27 05:33:04,382 - DEBUG - Tiles remaining: [1, 2, 3, 4, 5, 6, 7, 8, 9]
2024-07-27 05:33:04,382 - DEBUG - Rolled: 1 + 3 = 4
2024-07-27 05:33:04,382 - DEBUG - Possible moves: [(4,), (1, 3)]
2024-07-27 05:33:04,382 - DEBUG - Chosen Move: (1, 3)
2024-07-27 05:33:04,382 - DEBUG - Tiles remaining: [2, 4, 5, 6, 7, 8, 9]
2024-07-27 05:33:04,382 - DEBUG - Rolled: 2 + 6 = 8
2024-07-27 05:33:04,382 - DEBUG - Possible moves: [(8,), (2, 6)]
2024-07-27 05:33:04,382 - DEBUG - Chosen Move: (8,)
2024-07-27 05:33:04,382 - DEBUG - Tiles remaining: [2, 4, 5, 6, 7, 9]
2024-07-27 05:33:04,382 - DEBUG - Rolled: 2 + 5 = 7
2024-07-27 05:33:04,382 - DEBUG - Possible moves: [(7,), (2, 5)]
2024-07-27 05:33:04,382 - DEBUG - Chosen Move: (7,)
2024-07-27 05:33:04,382 - DEBUG - Tiles remaining: [2, 4, 5, 6, 9]
2024-07-27 05:33:04,383 - DEBUG - Rolled: 2 + 2 = 4
2024-07-27 05:33:04,383 - DEBUG - Possible moves: [(4,)]
2024-07-27 05:33:04,383 - DEBUG - Chosen Move: (4,)
2024-07-27 05:33:04,383 - DEBUG - Tiles remaining: [2, 5, 6, 9]
2024-07-27 05:33:04,383 - DEBUG - Rolled: 4 + 2 = 6
2024-07-27 05:33:04,383 - DEBUG - Possible moves: [(6,)]
2024-07-27 05:33:04,383 - DEBUG - Chosen Move: (6,)
2024-07-27 05:33:04,383 - DEBUG - Tiles remaining: [2, 5, 9]
2024-07-27 05:33:04,383 - DEBUG - Rolled: 3 + 1 = 4
2024-07-27 05:33:04,383 - DEBUG - Possible moves: []
2024-07-27 05:33:04,383 - DEBUG - No possible moves. Game over!
2024-07-27 05:33:04,383 - DEBUG - AI's final score: 16
2024-07-27 05:33:04,383 - DEBUG - Game 9 ended with score: 16
2024-07-27 05:33:04,383 - DEBUG - Starting game 10
2024-07-27 05:33:04,383 - DEBUG - Tiles remaining: [1, 2, 3, 4, 5, 6, 7, 8, 9]
2024-07-27 05:33:04,383 - DEBUG - Rolled: 3 + 4 = 7
2024-07-27 05:33:04,383 - DEBUG - Possible moves: [(7,), (1, 6), (2, 5), (3, 4), (1, 2, 4)]
2024-07-27 05:33:04,383 - DEBUG - Chosen Move: (7,)
2024-07-27 05:33:04,383 - DEBUG - Tiles remaining: [1, 2, 3, 4, 5, 6, 8, 9]
2024-07-27 05:33:04,383 - DEBUG - Rolled: 6 + 4 = 10
2024-07-27 05:33:04,383 - DEBUG - Possible moves: [(1, 9), (2, 8), (4, 6), (1, 3, 6), (1, 4, 5), (2, 3, 5), (1, 2, 3, 4)]
2024-07-27 05:33:04,383 - DEBUG - Chosen Move: (1, 9)
2024-07-27 05:33:04,383 - DEBUG - Tiles remaining: [2, 3, 4, 5, 6, 8]
2024-07-27 05:33:04,383 - DEBUG - Rolled: 3 + 3 = 6
2024-07-27 05:33:04,383 - DEBUG - Possible moves: [(6,), (2, 4)]
2024-07-27 05:33:04,383 - DEBUG - Chosen Move: (6,)
2024-07-27 05:33:04,383 - DEBUG - Tiles remaining: [2, 3, 4, 5, 8]
2024-07-27 05:33:04,383 - DEBUG - Rolled: 1 + 4 = 5
2024-07-27 05:33:04,383 - DEBUG - Possible moves: [(5,), (2, 3)]
2024-07-27 05:33:04,383 - DEBUG - Chosen Move: (2, 3)
2024-07-27 05:33:04,383 - DEBUG - Tiles remaining: [4, 5, 8]
2024-07-27 05:33:04,383 - DEBUG - Rolled: 3 + 5 = 8
2024-07-27 05:33:04,383 - DEBUG - Possible moves: [(8,)]
2024-07-27 05:33:04,383 - DEBUG - Chosen Move: (8,)
2024-07-27 05:33:04,383 - DEBUG - Tiles remaining: [4, 5]
2024-07-27 05:33:04,384 - DEBUG - Rolled: 4 + 1 = 5
2024-07-27 05:33:04,384 - DEBUG - Possible moves: [(5,)]
2024-07-27 05:33:04,384 - DEBUG - Chosen Move: (5,)
2024-07-27 05:33:04,384 - DEBUG - Tiles remaining: [4]
2024-07-27 05:33:04,384 - DEBUG - Rolled: 5 + 5 = 10
2024-07-27 05:33:04,384 - DEBUG - Possible moves: []
2024-07-27 05:33:04,384 - DEBUG - No possible moves. Game over!
2024-07-27 05:33:04,384 - DEBUG - AI's final score: 4
2024-07-27 05:33:04,384 - DEBUG - Game 10 ended with score: 4
2024-07-27 05:33:04,385 - DEBUG - Results appended to ./results/stb_simple_ai_results_20240727-053304.csv
2024-07-27 05:33:04,393 - DEBUG - Results saved to ./results/stb_simple_ai_results_20240727-053304.json
2024-07-27 05:33:04,393 - DEBUG - ## ## Simulation ended for 10 games using strategy #Outside In ## ##
2024-07-27 05:33:04,393 - DEBUG - #### #### All Simulations Have Ended #### ####
